<?xml version="1.0" encoding="UTF-8" standalone="yes"?><!DOCTYPE report PUBLIC "-//JACOCO//DTD Report 1.1//EN" "report.dtd"><report name="SIRHA-BackEnd"><sessioninfo id="DESKTOP-MKA2OLP-dd5ef2e8" start="1760639702482" dump="1760639747030"/><sessioninfo id="DESKTOP-MKA2OLP-31100a7a" start="1760639836983" dump="1760639882420"/><sessioninfo id="DESKTOP-MKA2OLP-4632b28d" start="1760641852890" dump="1760641897044"/><sessioninfo id="DESKTOP-MKA2OLP-329af21e" start="1760642543376" dump="1760642588976"/><sessioninfo id="DESKTOP-MKA2OLP-3af42ad0" start="1760644343216" dump="1760644350309"/><sessioninfo id="DESKTOP-MKA2OLP-b5fdb04f" start="1760645044191" dump="1760645095824"/><sessioninfo id="DESKTOP-MKA2OLP-3d851e62" start="1760646798059" dump="1760646848320"/><sessioninfo id="DESKTOP-MKA2OLP-52e9c326" start="1760840838376" dump="1760840892800"/><sessioninfo id="DESKTOP-MKA2OLP-44679a40" start="1760894772469" dump="1760894789517"/><sessioninfo id="DESKTOP-MKA2OLP-1389938" start="1760894796773" dump="1760894855483"/><sessioninfo id="DESKTOP-MKA2OLP-1e0702b1" start="1760901637624" dump="1760901682907"/><sessioninfo id="DESKTOP-MKA2OLP-f483aa3e" start="1760902400373" dump="1760902450257"/><sessioninfo id="DESKTOP-MKA2OLP-ec04eb8b" start="1760903199227" dump="1760903249209"/><sessioninfo id="DESKTOP-MKA2OLP-fe8bec0a" start="1760903533113" dump="1760903592417"/><sessioninfo id="DESKTOP-MKA2OLP-a7f799f7" start="1760905009179" dump="1760905056954"/><sessioninfo id="DESKTOP-MKA2OLP-e18c4818" start="1760905546023" dump="1760905592455"/><sessioninfo id="DESKTOP-MKA2OLP-344b5941" start="1760905862231" dump="1760905916838"/><sessioninfo id="DESKTOP-MKA2OLP-77c501e" start="1760906949044" dump="1760906955965"/><sessioninfo id="DESKTOP-MKA2OLP-76c7e5af" start="1760907901654" dump="1760907908290"/><sessioninfo id="DESKTOP-MKA2OLP-484eb531" start="1760908048332" dump="1760908095079"/><package name="edu/dosw/sirha/sirha_backend/domain/model/staterequest"><class name="edu/dosw/sirha/sirha_backend/domain/model/staterequest/EstadoPendiente" sourcefilename="EstadoPendiente.java"><method name="&lt;init&gt;" desc="()V" line="9"><counter type="INSTRUCTION" missed="0" covered="3"/><counter type="LINE" missed="0" covered="1"/><counter type="COMPLEXITY" missed="0" covered="1"/><counter type="METHOD" missed="0" covered="1"/></method><method name="approveRequest" desc="(Ledu/dosw/sirha/sirha_backend/domain/model/staterequest/BaseRequest;Ledu/dosw/sirha/sirha_backend/dto/ResponseRequest;)V" line="13"><counter type="INSTRUCTION" missed="0" covered="6"/><counter type="LINE" missed="0" covered="1"/><counter type="COMPLEXITY" missed="0" covered="1"/><counter type="METHOD" missed="0" covered="1"/></method><method name="rejectRequest" desc="(Ledu/dosw/sirha/sirha_backend/domain/model/staterequest/BaseRequest;Ledu/dosw/sirha/sirha_backend/dto/ResponseRequest;)V" line="18"><counter type="INSTRUCTION" missed="0" covered="6"/><counter type="LINE" missed="0" covered="1"/><counter type="COMPLEXITY" missed="0" covered="1"/><counter type="METHOD" missed="0" covered="1"/></method><method name="reviewRequest" desc="(Ledu/dosw/sirha/sirha_backend/domain/model/staterequest/BaseRequest;Ledu/dosw/sirha/sirha_backend/dto/ResponseRequest;)V" line="23"><counter type="INSTRUCTION" missed="0" covered="12"/><counter type="LINE" missed="0" covered="3"/><counter type="COMPLEXITY" missed="0" covered="1"/><counter type="METHOD" missed="0" covered="1"/></method><method name="getState" desc="()Ledu/dosw/sirha/sirha_backend/domain/model/enums/RequestStateEnum;" line="29"><counter type="INSTRUCTION" missed="0" covered="2"/><counter type="LINE" missed="0" covered="1"/><counter type="COMPLEXITY" missed="0" covered="1"/><counter type="METHOD" missed="0" covered="1"/></method><counter type="INSTRUCTION" missed="0" covered="29"/><counter type="LINE" missed="0" covered="7"/><counter type="COMPLEXITY" missed="0" covered="5"/><counter type="METHOD" missed="0" covered="5"/><counter type="CLASS" missed="0" covered="1"/></class><class name="edu/dosw/sirha/sirha_backend/domain/model/staterequest/EstadoAprobada" sourcefilename="EstadoAprobada.java"><method name="&lt;init&gt;" desc="()V" line="8"><counter type="INSTRUCTION" missed="0" covered="3"/><counter type="LINE" missed="0" covered="1"/><counter type="COMPLEXITY" missed="0" covered="1"/><counter type="METHOD" missed="0" covered="1"/></method><method name="approveRequest" desc="(Ledu/dosw/sirha/sirha_backend/domain/model/staterequest/BaseRequest;Ledu/dosw/sirha/sirha_backend/dto/ResponseRequest;)V" line="12"><counter type="INSTRUCTION" missed="0" covered="6"/><counter type="LINE" missed="0" covered="1"/><counter type="COMPLEXITY" missed="0" covered="1"/><counter type="METHOD" missed="0" covered="1"/></method><method name="rejectRequest" desc="(Ledu/dosw/sirha/sirha_backend/domain/model/staterequest/BaseRequest;Ledu/dosw/sirha/sirha_backend/dto/ResponseRequest;)V" line="17"><counter type="INSTRUCTION" missed="0" covered="6"/><counter type="LINE" missed="0" covered="1"/><counter type="COMPLEXITY" missed="0" covered="1"/><counter type="METHOD" missed="0" covered="1"/></method><method name="reviewRequest" desc="(Ledu/dosw/sirha/sirha_backend/domain/model/staterequest/BaseRequest;Ledu/dosw/sirha/sirha_backend/dto/ResponseRequest;)V" line="22"><counter type="INSTRUCTION" missed="0" covered="6"/><counter type="LINE" missed="0" covered="1"/><counter type="COMPLEXITY" missed="0" covered="1"/><counter type="METHOD" missed="0" covered="1"/></method><method name="getState" desc="()Ledu/dosw/sirha/sirha_backend/domain/model/enums/RequestStateEnum;" line="27"><counter type="INSTRUCTION" missed="0" covered="2"/><counter type="LINE" missed="0" covered="1"/><counter type="COMPLEXITY" missed="0" covered="1"/><counter type="METHOD" missed="0" covered="1"/></method><counter type="INSTRUCTION" missed="0" covered="23"/><counter type="LINE" missed="0" covered="5"/><counter type="COMPLEXITY" missed="0" covered="5"/><counter type="METHOD" missed="0" covered="5"/><counter type="CLASS" missed="0" covered="1"/></class><class name="edu/dosw/sirha/sirha_backend/domain/model/staterequest/EstadoEnRevision" sourcefilename="EstadoEnRevision.java"><method name="&lt;init&gt;" desc="()V" line="9"><counter type="INSTRUCTION" missed="0" covered="3"/><counter type="LINE" missed="0" covered="1"/><counter type="COMPLEXITY" missed="0" covered="1"/><counter type="METHOD" missed="0" covered="1"/></method><method name="approveRequest" desc="(Ledu/dosw/sirha/sirha_backend/domain/model/staterequest/BaseRequest;Ledu/dosw/sirha/sirha_backend/dto/ResponseRequest;)V" line="13"><counter type="INSTRUCTION" missed="0" covered="12"/><counter type="LINE" missed="0" covered="3"/><counter type="COMPLEXITY" missed="0" covered="1"/><counter type="METHOD" missed="0" covered="1"/></method><method name="rejectRequest" desc="(Ledu/dosw/sirha/sirha_backend/domain/model/staterequest/BaseRequest;Ledu/dosw/sirha/sirha_backend/dto/ResponseRequest;)V" line="19"><counter type="INSTRUCTION" missed="0" covered="12"/><counter type="LINE" missed="0" covered="3"/><counter type="COMPLEXITY" missed="0" covered="1"/><counter type="METHOD" missed="0" covered="1"/></method><method name="reviewRequest" desc="(Ledu/dosw/sirha/sirha_backend/domain/model/staterequest/BaseRequest;Ledu/dosw/sirha/sirha_backend/dto/ResponseRequest;)V" line="25"><counter type="INSTRUCTION" missed="0" covered="6"/><counter type="LINE" missed="0" covered="1"/><counter type="COMPLEXITY" missed="0" covered="1"/><counter type="METHOD" missed="0" covered="1"/></method><method name="getState" desc="()Ledu/dosw/sirha/sirha_backend/domain/model/enums/RequestStateEnum;" line="30"><counter type="INSTRUCTION" missed="0" covered="2"/><counter type="LINE" missed="0" covered="1"/><counter type="COMPLEXITY" missed="0" covered="1"/><counter type="METHOD" missed="0" covered="1"/></method><counter type="INSTRUCTION" missed="0" covered="35"/><counter type="LINE" missed="0" covered="9"/><counter type="COMPLEXITY" missed="0" covered="5"/><counter type="METHOD" missed="0" covered="5"/><counter type="CLASS" missed="0" covered="1"/></class><class name="edu/dosw/sirha/sirha_backend/domain/model/staterequest/EstadoRechazada" sourcefilename="EstadoRechazada.java"><method name="&lt;init&gt;" desc="()V" line="8"><counter type="INSTRUCTION" missed="0" covered="3"/><counter type="LINE" missed="0" covered="1"/><counter type="COMPLEXITY" missed="0" covered="1"/><counter type="METHOD" missed="0" covered="1"/></method><method name="approveRequest" desc="(Ledu/dosw/sirha/sirha_backend/domain/model/staterequest/BaseRequest;Ledu/dosw/sirha/sirha_backend/dto/ResponseRequest;)V" line="11"><counter type="INSTRUCTION" missed="0" covered="6"/><counter type="LINE" missed="0" covered="1"/><counter type="COMPLEXITY" missed="0" covered="1"/><counter type="METHOD" missed="0" covered="1"/></method><method name="rejectRequest" desc="(Ledu/dosw/sirha/sirha_backend/domain/model/staterequest/BaseRequest;Ledu/dosw/sirha/sirha_backend/dto/ResponseRequest;)V" line="16"><counter type="INSTRUCTION" missed="0" covered="6"/><counter type="LINE" missed="0" covered="1"/><counter type="COMPLEXITY" missed="0" covered="1"/><counter type="METHOD" missed="0" covered="1"/></method><method name="reviewRequest" desc="(Ledu/dosw/sirha/sirha_backend/domain/model/staterequest/BaseRequest;Ledu/dosw/sirha/sirha_backend/dto/ResponseRequest;)V" line="21"><counter type="INSTRUCTION" missed="0" covered="6"/><counter type="LINE" missed="0" covered="1"/><counter type="COMPLEXITY" missed="0" covered="1"/><counter type="METHOD" missed="0" covered="1"/></method><method name="getState" desc="()Ledu/dosw/sirha/sirha_backend/domain/model/enums/RequestStateEnum;" line="26"><counter type="INSTRUCTION" missed="0" covered="2"/><counter type="LINE" missed="0" covered="1"/><counter type="COMPLEXITY" missed="0" covered="1"/><counter type="METHOD" missed="0" covered="1"/></method><counter type="INSTRUCTION" missed="0" covered="23"/><counter type="LINE" missed="0" covered="5"/><counter type="COMPLEXITY" missed="0" covered="5"/><counter type="METHOD" missed="0" covered="5"/><counter type="CLASS" missed="0" covered="1"/></class><class name="edu/dosw/sirha/sirha_backend/domain/model/staterequest/BaseRequest" sourcefilename="BaseRequest.java"><method name="&lt;init&gt;" desc="(Ledu/dosw/sirha/sirha_backend/domain/model/Student;Ledu/dosw/sirha/sirha_backend/domain/model/AcademicPeriod;)V" line="48"><counter type="INSTRUCTION" missed="0" covered="29"/><counter type="LINE" missed="0" covered="8"/><counter type="COMPLEXITY" missed="0" covered="1"/><counter type="METHOD" missed="0" covered="1"/></method><method name="agregarProceso" desc="(Ledu/dosw/sirha/sirha_backend/domain/port/RequestProcess;)V" line="58"><counter type="INSTRUCTION" missed="0" covered="6"/><counter type="LINE" missed="0" covered="2"/><counter type="COMPLEXITY" missed="0" covered="1"/><counter type="METHOD" missed="0" covered="1"/></method><method name="getProcesos" desc="()Ljava/util/List;" line="61"><counter type="INSTRUCTION" missed="0" covered="3"/><counter type="LINE" missed="0" covered="1"/><counter type="COMPLEXITY" missed="0" covered="1"/><counter type="METHOD" missed="0" covered="1"/></method><method name="getPriority" desc="()I" line="64"><counter type="INSTRUCTION" missed="0" covered="3"/><counter type="LINE" missed="0" covered="1"/><counter type="COMPLEXITY" missed="0" covered="1"/><counter type="METHOD" missed="0" covered="1"/></method><method name="setPriority" desc="(I)V" line="68"><counter type="INSTRUCTION" missed="0" covered="4"/><counter type="LINE" missed="0" covered="2"/><counter type="COMPLEXITY" missed="0" covered="1"/><counter type="METHOD" missed="0" covered="1"/></method><method name="getEnumState" desc="()Ledu/dosw/sirha/sirha_backend/domain/port/RequestState;" line="71"><counter type="INSTRUCTION" missed="0" covered="3"/><counter type="LINE" missed="0" covered="1"/><counter type="COMPLEXITY" missed="0" covered="1"/><counter type="METHOD" missed="0" covered="1"/></method><method name="getCurrentPeriod" desc="()Ledu/dosw/sirha/sirha_backend/domain/model/AcademicPeriod;" line="72"><counter type="INSTRUCTION" missed="0" covered="3"/><counter type="LINE" missed="0" covered="1"/><counter type="COMPLEXITY" missed="0" covered="1"/><counter type="METHOD" missed="0" covered="1"/></method><method name="setCurrentPeriod" desc="(Ledu/dosw/sirha/sirha_backend/domain/model/AcademicPeriod;)V" line="73"><counter type="INSTRUCTION" missed="0" covered="4"/><counter type="LINE" missed="0" covered="1"/><counter type="COMPLEXITY" missed="0" covered="1"/><counter type="METHOD" missed="0" covered="1"/></method><method name="approveRequest" desc="(Ledu/dosw/sirha/sirha_backend/dto/ResponseRequest;)V" line="77"><counter type="INSTRUCTION" missed="0" covered="6"/><counter type="LINE" missed="0" covered="2"/><counter type="COMPLEXITY" missed="0" covered="1"/><counter type="METHOD" missed="0" covered="1"/></method><method name="rejectRequest" desc="(Ledu/dosw/sirha/sirha_backend/dto/ResponseRequest;)V" line="80"><counter type="INSTRUCTION" missed="0" covered="6"/><counter type="LINE" missed="0" covered="2"/><counter type="COMPLEXITY" missed="0" covered="1"/><counter type="METHOD" missed="0" covered="1"/></method><method name="reviewRequest" desc="(Ledu/dosw/sirha/sirha_backend/dto/ResponseRequest;)V" line="84"><counter type="INSTRUCTION" missed="0" covered="6"/><counter type="LINE" missed="0" covered="2"/><counter type="COMPLEXITY" missed="0" covered="1"/><counter type="METHOD" missed="0" covered="1"/></method><method name="changeState" desc="(Ledu/dosw/sirha/sirha_backend/domain/model/ResponseProcess;)V" line="88"><counter type="INSTRUCTION" missed="0" covered="8"/><counter type="LINE" missed="0" covered="3"/><counter type="COMPLEXITY" missed="0" covered="1"/><counter type="METHOD" missed="0" covered="1"/></method><method name="getId" desc="()Ljava/lang/String;" line="92"><counter type="INSTRUCTION" missed="0" covered="3"/><counter type="LINE" missed="0" covered="1"/><counter type="COMPLEXITY" missed="0" covered="1"/><counter type="METHOD" missed="0" covered="1"/></method><method name="setId" desc="(Ljava/lang/String;)V" line="93"><counter type="INSTRUCTION" missed="0" covered="4"/><counter type="LINE" missed="0" covered="1"/><counter type="COMPLEXITY" missed="0" covered="1"/><counter type="METHOD" missed="0" covered="1"/></method><method name="setState" desc="(Ledu/dosw/sirha/sirha_backend/domain/port/RequestState;)V" line="94"><counter type="INSTRUCTION" missed="0" covered="4"/><counter type="LINE" missed="0" covered="1"/><counter type="COMPLEXITY" missed="0" covered="1"/><counter type="METHOD" missed="0" covered="1"/></method><method name="getActualProcess" desc="()Ledu/dosw/sirha/sirha_backend/domain/port/RequestProcess;" line="96"><counter type="INSTRUCTION" missed="0" covered="10"/><counter type="LINE" missed="0" covered="1"/><counter type="COMPLEXITY" missed="0" covered="1"/><counter type="METHOD" missed="0" covered="1"/></method><method name="getActualState" desc="()Ledu/dosw/sirha/sirha_backend/domain/model/enums/RequestStateEnum;" line="97"><counter type="INSTRUCTION" missed="0" covered="4"/><counter type="LINE" missed="0" covered="1"/><counter type="COMPLEXITY" missed="0" covered="1"/><counter type="METHOD" missed="0" covered="1"/></method><method name="setActualState" desc="(Ledu/dosw/sirha/sirha_backend/domain/model/enums/RequestStateEnum;)V" line="98"><counter type="INSTRUCTION" missed="0" covered="5"/><counter type="LINE" missed="0" covered="1"/><counter type="COMPLEXITY" missed="0" covered="1"/><counter type="METHOD" missed="0" covered="1"/></method><method name="getCreadoEn" desc="()Ljava/time/LocalDateTime;" line="104"><counter type="INSTRUCTION" missed="0" covered="3"/><counter type="LINE" missed="0" covered="1"/><counter type="COMPLEXITY" missed="0" covered="1"/><counter type="METHOD" missed="0" covered="1"/></method><method name="getStudent" desc="()Ledu/dosw/sirha/sirha_backend/domain/model/Student;" line="105"><counter type="INSTRUCTION" missed="0" covered="3"/><counter type="LINE" missed="0" covered="1"/><counter type="COMPLEXITY" missed="0" covered="1"/><counter type="METHOD" missed="0" covered="1"/></method><method name="getStudentCareer" desc="()Ledu/dosw/sirha/sirha_backend/domain/model/enums/Careers;" line="109"><counter type="INSTRUCTION" missed="2" covered="7"/><counter type="BRANCH" missed="1" covered="1"/><counter type="LINE" missed="1" covered="2"/><counter type="COMPLEXITY" missed="1" covered="1"/><counter type="METHOD" missed="0" covered="1"/></method><counter type="INSTRUCTION" missed="2" covered="124"/><counter type="BRANCH" missed="1" covered="1"/><counter type="LINE" missed="1" covered="36"/><counter type="COMPLEXITY" missed="1" covered="21"/><counter type="METHOD" missed="0" covered="21"/><counter type="CLASS" missed="0" covered="1"/></class><sourcefile name="EstadoAprobada.java"><line nr="8" mi="0" ci="3" mb="0" cb="0"/><line nr="12" mi="0" ci="6" mb="0" cb="0"/><line nr="17" mi="0" ci="6" mb="0" cb="0"/><line nr="22" mi="0" ci="6" mb="0" cb="0"/><line nr="27" mi="0" ci="2" mb="0" cb="0"/><counter type="INSTRUCTION" missed="0" covered="23"/><counter type="LINE" missed="0" covered="5"/><counter type="COMPLEXITY" missed="0" covered="5"/><counter type="METHOD" missed="0" covered="5"/><counter type="CLASS" missed="0" covered="1"/></sourcefile><sourcefile name="EstadoEnRevision.java"><line nr="9" mi="0" ci="3" mb="0" cb="0"/><line nr="13" mi="0" ci="5" mb="0" cb="0"/><line nr="14" mi="0" ci="6" mb="0" cb="0"/><line nr="15" mi="0" ci="1" mb="0" cb="0"/><line nr="19" mi="0" ci="5" mb="0" cb="0"/><line nr="20" mi="0" ci="6" mb="0" cb="0"/><line nr="21" mi="0" ci="1" mb="0" cb="0"/><line nr="25" mi="0" ci="6" mb="0" cb="0"/><line nr="30" mi="0" ci="2" mb="0" cb="0"/><counter type="INSTRUCTION" missed="0" covered="35"/><counter type="LINE" missed="0" covered="9"/><counter type="COMPLEXITY" missed="0" covered="5"/><counter type="METHOD" missed="0" covered="5"/><counter type="CLASS" missed="0" covered="1"/></sourcefile><sourcefile name="BaseRequest.java"><line nr="48" mi="0" ci="2" mb="0" cb="0"/><line nr="49" mi="0" ci="3" mb="0" cb="0"/><line nr="50" mi="0" ci="3" mb="0" cb="0"/><line nr="51" mi="0" ci="3" mb="0" cb="0"/><line nr="52" mi="0" ci="5" mb="0" cb="0"/><line nr="53" mi="0" ci="5" mb="0" cb="0"/><line nr="54" mi="0" ci="7" mb="0" cb="0"/><line nr="55" mi="0" ci="1" mb="0" cb="0"/><line nr="58" mi="0" ci="5" mb="0" cb="0"/><line nr="59" mi="0" ci="1" mb="0" cb="0"/><line nr="61" mi="0" ci="3" mb="0" cb="0"/><line nr="64" mi="0" ci="3" mb="0" cb="0"/><line nr="68" mi="0" ci="3" mb="0" cb="0"/><line nr="69" mi="0" ci="1" mb="0" cb="0"/><line nr="71" mi="0" ci="3" mb="0" cb="0"/><line nr="72" mi="0" ci="3" mb="0" cb="0"/><line nr="73" mi="0" ci="4" mb="0" cb="0"/><line nr="77" mi="0" ci="5" mb="0" cb="0"/><line nr="78" mi="0" ci="1" mb="0" cb="0"/><line nr="80" mi="0" ci="5" mb="0" cb="0"/><line nr="81" mi="0" ci="1" mb="0" cb="0"/><line nr="84" mi="0" ci="5" mb="0" cb="0"/><line nr="85" mi="0" ci="1" mb="0" cb="0"/><line nr="88" mi="0" ci="3" mb="0" cb="0"/><line nr="89" mi="0" ci="4" mb="0" cb="0"/><line nr="90" mi="0" ci="1" mb="0" cb="0"/><line nr="92" mi="0" ci="3" mb="0" cb="0"/><line nr="93" mi="0" ci="4" mb="0" cb="0"/><line nr="94" mi="0" ci="4" mb="0" cb="0"/><line nr="96" mi="0" ci="10" mb="0" cb="0"/><line nr="97" mi="0" ci="4" mb="0" cb="0"/><line nr="98" mi="0" ci="5" mb="0" cb="0"/><line nr="104" mi="0" ci="3" mb="0" cb="0"/><line nr="105" mi="0" ci="3" mb="0" cb="0"/><line nr="109" mi="0" ci="3" mb="1" cb="1"/><line nr="110" mi="2" ci="0" mb="0" cb="0"/><line nr="112" mi="0" ci="4" mb="0" cb="0"/><counter type="INSTRUCTION" missed="2" covered="124"/><counter type="BRANCH" missed="1" covered="1"/><counter type="LINE" missed="1" covered="36"/><counter type="COMPLEXITY" missed="1" covered="21"/><counter type="METHOD" missed="0" covered="21"/><counter type="CLASS" missed="0" covered="1"/></sourcefile><sourcefile name="EstadoRechazada.java"><line nr="8" mi="0" ci="3" mb="0" cb="0"/><line nr="11" mi="0" ci="6" mb="0" cb="0"/><line nr="16" mi="0" ci="6" mb="0" cb="0"/><line nr="21" mi="0" ci="6" mb="0" cb="0"/><line nr="26" mi="0" ci="2" mb="0" cb="0"/><counter type="INSTRUCTION" missed="0" covered="23"/><counter type="LINE" missed="0" covered="5"/><counter type="COMPLEXITY" missed="0" covered="5"/><counter type="METHOD" missed="0" covered="5"/><counter type="CLASS" missed="0" covered="1"/></sourcefile><sourcefile name="EstadoPendiente.java"><line nr="9" mi="0" ci="3" mb="0" cb="0"/><line nr="13" mi="0" ci="6" mb="0" cb="0"/><line nr="18" mi="0" ci="6" mb="0" cb="0"/><line nr="23" mi="0" ci="5" mb="0" cb="0"/><line nr="24" mi="0" ci="6" mb="0" cb="0"/><line nr="25" mi="0" ci="1" mb="0" cb="0"/><line nr="29" mi="0" ci="2" mb="0" cb="0"/><counter type="INSTRUCTION" missed="0" covered="29"/><counter type="LINE" missed="0" covered="7"/><counter type="COMPLEXITY" missed="0" covered="5"/><counter type="METHOD" missed="0" covered="5"/><counter type="CLASS" missed="0" covered="1"/></sourcefile><counter type="INSTRUCTION" missed="2" covered="234"/><counter type="BRANCH" missed="1" covered="1"/><counter type="LINE" missed="1" covered="62"/><counter type="COMPLEXITY" missed="1" covered="41"/><counter type="METHOD" missed="0" covered="41"/><counter type="CLASS" missed="0" covered="5"/></package><package name="edu/dosw/sirha/sirha_backend/domain/model"><class name="edu/dosw/sirha/sirha_backend/domain/model/Schedule" sourcefilename="Schedule.java"><method name="&lt;init&gt;" desc="(Ledu/dosw/sirha/sirha_backend/domain/model/enums/DiasSemana;Ljava/time/LocalTime;Ljava/time/LocalTime;)V" line="40"><counter type="INSTRUCTION" missed="0" covered="24"/><counter type="BRANCH" missed="0" covered="4"/><counter type="LINE" missed="0" covered="8"/><counter type="COMPLEXITY" missed="0" covered="3"/><counter type="METHOD" missed="0" covered="1"/></method><method name="seSolapaCon" desc="(Ledu/dosw/sirha/sirha_backend/domain/model/Schedule;)Z" line="59"><counter type="INSTRUCTION" missed="0" covered="24"/><counter type="BRANCH" missed="1" covered="5"/><counter type="LINE" missed="0" covered="3"/><counter type="COMPLEXITY" missed="1" covered="3"/><counter type="METHOD" missed="0" covered="1"/></method><method name="getHoraFin" desc="()Ljava/time/LocalTime;" line="71"><counter type="INSTRUCTION" missed="0" covered="3"/><counter type="LINE" missed="0" covered="1"/><counter type="COMPLEXITY" missed="0" covered="1"/><counter type="METHOD" missed="0" covered="1"/></method><method name="getHoraInicio" desc="()Ljava/time/LocalTime;" line="80"><counter type="INSTRUCTION" missed="0" covered="3"/><counter type="LINE" missed="0" covered="1"/><counter type="COMPLEXITY" missed="0" covered="1"/><counter type="METHOD" missed="0" covered="1"/></method><method name="getDia" desc="()Ledu/dosw/sirha/sirha_backend/domain/model/enums/DiasSemana;" line="89"><counter type="INSTRUCTION" missed="0" covered="3"/><counter type="LINE" missed="0" covered="1"/><counter type="COMPLEXITY" missed="0" covered="1"/><counter type="METHOD" missed="0" covered="1"/></method><method name="equals" desc="(Ljava/lang/Object;)Z" line="101"><counter type="INSTRUCTION" missed="16" covered="19"/><counter type="BRANCH" missed="6" covered="4"/><counter type="LINE" missed="2" covered="4"/><counter type="COMPLEXITY" missed="4" covered="2"/><counter type="METHOD" missed="0" covered="1"/></method><method name="hashCode" desc="()I" line="110"><counter type="INSTRUCTION" missed="0" covered="19"/><counter type="LINE" missed="0" covered="1"/><counter type="COMPLEXITY" missed="0" covered="1"/><counter type="METHOD" missed="0" covered="1"/></method><method name="toString" desc="()Ljava/lang/String;" line="120"><counter type="INSTRUCTION" missed="0" covered="11"/><counter type="LINE" missed="0" covered="4"/><counter type="COMPLEXITY" missed="0" covered="1"/><counter type="METHOD" missed="0" covered="1"/></method><counter type="INSTRUCTION" missed="16" covered="106"/><counter type="BRANCH" missed="7" covered="13"/><counter type="LINE" missed="2" covered="23"/><counter type="COMPLEXITY" missed="5" covered="13"/><counter type="METHOD" missed="0" covered="8"/><counter type="CLASS" missed="0" covered="1"/></class><class name="edu/dosw/sirha/sirha_backend/domain/model/Subject" sourcefilename="Subject.java"><method name="&lt;init&gt;" desc="(Ljava/lang/String;Ljava/lang/String;I)V" line="30"><counter type="INSTRUCTION" missed="0" covered="8"/><counter type="LINE" missed="0" covered="3"/><counter type="COMPLEXITY" missed="0" covered="1"/><counter type="METHOD" missed="0" covered="1"/></method><method name="&lt;init&gt;" desc="(Ljava/lang/String;I)V" line="33"><counter type="INSTRUCTION" missed="0" covered="36"/><counter type="BRANCH" missed="0" covered="6"/><counter type="LINE" missed="0" covered="10"/><counter type="COMPLEXITY" missed="0" covered="4"/><counter type="METHOD" missed="0" covered="1"/></method><method name="addGroup" desc="(Ledu/dosw/sirha/sirha_backend/domain/model/stategroup/Group;)V" line="50"><counter type="INSTRUCTION" missed="0" covered="13"/><counter type="BRANCH" missed="0" covered="2"/><counter type="LINE" missed="0" covered="4"/><counter type="COMPLEXITY" missed="0" covered="2"/><counter type="METHOD" missed="0" covered="1"/></method><method name="getGroupCount" desc="()I" line="55"><counter type="INSTRUCTION" missed="0" covered="4"/><counter type="LINE" missed="0" covered="1"/><counter type="COMPLEXITY" missed="0" covered="1"/><counter type="METHOD" missed="0" covered="1"/></method><method name="removeGroup" desc="(Ledu/dosw/sirha/sirha_backend/domain/model/stategroup/Group;)Z" line="61"><counter type="INSTRUCTION" missed="0" covered="7"/><counter type="LINE" missed="0" covered="2"/><counter type="COMPLEXITY" missed="0" covered="1"/><counter type="METHOD" missed="0" covered="1"/></method><method name="hasGroup" desc="(Ledu/dosw/sirha/sirha_backend/domain/model/stategroup/Group;)Z" line="64"><counter type="INSTRUCTION" missed="0" covered="5"/><counter type="LINE" missed="0" covered="1"/><counter type="COMPLEXITY" missed="0" covered="1"/><counter type="METHOD" missed="0" covered="1"/></method><method name="getGroupByCode" desc="(Ljava/lang/String;)Ledu/dosw/sirha/sirha_backend/domain/model/stategroup/Group;" line="67"><counter type="INSTRUCTION" missed="11" covered="10"/><counter type="BRANCH" missed="3" covered="1"/><counter type="LINE" missed="2" covered="2"/><counter type="COMPLEXITY" missed="2" covered="1"/><counter type="METHOD" missed="0" covered="1"/></method><method name="setId" desc="(Ljava/lang/String;)V" line="75"><counter type="INSTRUCTION" missed="0" covered="4"/><counter type="LINE" missed="0" covered="1"/><counter type="COMPLEXITY" missed="0" covered="1"/><counter type="METHOD" missed="0" covered="1"/></method><method name="setName" desc="(Ljava/lang/String;)V" line="77"><counter type="INSTRUCTION" missed="5" covered="9"/><counter type="BRANCH" missed="2" covered="2"/><counter type="LINE" missed="0" covered="3"/><counter type="COMPLEXITY" missed="2" covered="1"/><counter type="METHOD" missed="0" covered="1"/></method><method name="setCredits" desc="(I)V" line="81"><counter type="INSTRUCTION" missed="0" covered="11"/><counter type="BRANCH" missed="0" covered="2"/><counter type="LINE" missed="0" covered="3"/><counter type="COMPLEXITY" missed="0" covered="2"/><counter type="METHOD" missed="0" covered="1"/></method><method name="setPrerequisites" desc="(Ljava/util/List;)V" line="84"><counter type="INSTRUCTION" missed="4" covered="0"/><counter type="LINE" missed="1" covered="0"/><counter type="COMPLEXITY" missed="1" covered="0"/><counter type="METHOD" missed="1" covered="0"/></method><method name="setGroups" desc="(Ljava/util/List;)V" line="86"><counter type="INSTRUCTION" missed="4" covered="0"/><counter type="LINE" missed="1" covered="0"/><counter type="COMPLEXITY" missed="1" covered="0"/><counter type="METHOD" missed="1" covered="0"/></method><method name="getId" desc="()Ljava/lang/String;" line="88"><counter type="INSTRUCTION" missed="0" covered="3"/><counter type="LINE" missed="0" covered="1"/><counter type="COMPLEXITY" missed="0" covered="1"/><counter type="METHOD" missed="0" covered="1"/></method><method name="getName" desc="()Ljava/lang/String;" line="89"><counter type="INSTRUCTION" missed="0" covered="3"/><counter type="LINE" missed="0" covered="1"/><counter type="COMPLEXITY" missed="0" covered="1"/><counter type="METHOD" missed="0" covered="1"/></method><method name="getPrerequisites" desc="()Ljava/util/List;" line="90"><counter type="INSTRUCTION" missed="0" covered="3"/><counter type="LINE" missed="0" covered="1"/><counter type="COMPLEXITY" missed="0" covered="1"/><counter type="METHOD" missed="0" covered="1"/></method><method name="getGroups" desc="()Ljava/util/List;" line="91"><counter type="INSTRUCTION" missed="0" covered="3"/><counter type="LINE" missed="0" covered="1"/><counter type="COMPLEXITY" missed="0" covered="1"/><counter type="METHOD" missed="0" covered="1"/></method><method name="deleteGroups" desc="()V" line="92"><counter type="INSTRUCTION" missed="4" covered="0"/><counter type="LINE" missed="1" covered="0"/><counter type="COMPLEXITY" missed="1" covered="0"/><counter type="METHOD" missed="1" covered="0"/></method><method name="getCredits" desc="()I" line="93"><counter type="INSTRUCTION" missed="0" covered="3"/><counter type="LINE" missed="0" covered="1"/><counter type="COMPLEXITY" missed="0" covered="1"/><counter type="METHOD" missed="0" covered="1"/></method><method name="canEnroll" desc="(Ledu/dosw/sirha/sirha_backend/domain/port/AcademicProgress;)Z" line="96"><counter type="INSTRUCTION" missed="2" covered="12"/><counter type="BRANCH" missed="1" covered="1"/><counter type="LINE" missed="1" covered="2"/><counter type="COMPLEXITY" missed="1" covered="1"/><counter type="METHOD" missed="0" covered="1"/></method><method name="hasPrerequisites" desc="()Z" line="101"><counter type="INSTRUCTION" missed="0" covered="8"/><counter type="BRANCH" missed="0" covered="2"/><counter type="LINE" missed="0" covered="1"/><counter type="COMPLEXITY" missed="0" covered="2"/><counter type="METHOD" missed="0" covered="1"/></method><method name="addPrerequisite" desc="(Ledu/dosw/sirha/sirha_backend/domain/port/PrerequisiteRule;)V" line="102"><counter type="INSTRUCTION" missed="0" covered="6"/><counter type="LINE" missed="0" covered="1"/><counter type="COMPLEXITY" missed="0" covered="1"/><counter type="METHOD" missed="0" covered="1"/></method><method name="equals" desc="(Ljava/lang/Object;)Z" line="107"><counter type="INSTRUCTION" missed="0" covered="19"/><counter type="BRANCH" missed="0" covered="4"/><counter type="LINE" missed="0" covered="4"/><counter type="COMPLEXITY" missed="0" covered="3"/><counter type="METHOD" missed="0" covered="1"/></method><method name="hashCode" desc="()I" line="115"><counter type="INSTRUCTION" missed="0" covered="9"/><counter type="LINE" missed="0" covered="1"/><counter type="COMPLEXITY" missed="0" covered="1"/><counter type="METHOD" missed="0" covered="1"/></method><method name="toString" desc="()Ljava/lang/String;" line="120"><counter type="INSTRUCTION" missed="0" covered="11"/><counter type="LINE" missed="0" covered="5"/><counter type="COMPLEXITY" missed="0" covered="1"/><counter type="METHOD" missed="0" covered="1"/></method><method name="getOpenGroups" desc="()Ljava/util/List;" line="129"><counter type="INSTRUCTION" missed="25" covered="0"/><counter type="BRANCH" missed="4" covered="0"/><counter type="LINE" missed="5" covered="0"/><counter type="COMPLEXITY" missed="3" covered="0"/><counter type="METHOD" missed="1" covered="0"/></method><method name="lambda$0" desc="(Ledu/dosw/sirha/sirha_backend/domain/port/AcademicProgress;Ledu/dosw/sirha/sirha_backend/domain/port/PrerequisiteRule;)Z" line="99"><counter type="INSTRUCTION" missed="0" covered="5"/><counter type="LINE" missed="0" covered="1"/><counter type="COMPLEXITY" missed="0" covered="1"/><counter type="METHOD" missed="0" covered="1"/></method><counter type="INSTRUCTION" missed="55" covered="192"/><counter type="BRANCH" missed="10" covered="20"/><counter type="LINE" missed="11" covered="49"/><counter type="COMPLEXITY" missed="11" covered="30"/><counter type="METHOD" missed="4" covered="22"/><counter type="CLASS" missed="0" covered="1"/></class><class name="edu/dosw/sirha/sirha_backend/domain/model/User" sourcefilename="User.java"><method name="&lt;init&gt;" desc="()V" line="27"><counter type="INSTRUCTION" missed="0" covered="3"/><counter type="LINE" missed="0" covered="1"/><counter type="COMPLEXITY" missed="0" covered="1"/><counter type="METHOD" missed="0" covered="1"/></method><method name="&lt;init&gt;" desc="(Ljava/lang/String;Ljava/lang/String;Ljava/lang/String;)V" line="29"><counter type="INSTRUCTION" missed="2" covered="17"/><counter type="BRANCH" missed="1" covered="1"/><counter type="LINE" missed="0" covered="5"/><counter type="COMPLEXITY" missed="1" covered="1"/><counter type="METHOD" missed="0" covered="1"/></method><method name="&lt;init&gt;" desc="(Ljava/lang/String;Ljava/lang/String;Ljava/lang/String;Ljava/lang/String;)V" line="35"><counter type="INSTRUCTION" missed="0" covered="9"/><counter type="LINE" missed="0" covered="3"/><counter type="COMPLEXITY" missed="0" covered="1"/><counter type="METHOD" missed="0" covered="1"/></method><method name="verificarContrasena" desc="(Ljava/lang/String;)Z" line="40"><counter type="INSTRUCTION" missed="5" covered="0"/><counter type="LINE" missed="1" covered="0"/><counter type="COMPLEXITY" missed="1" covered="0"/><counter type="METHOD" missed="1" covered="0"/></method><method name="setId" desc="(Ljava/lang/String;)V" line="43"><counter type="INSTRUCTION" missed="0" covered="4"/><counter type="LINE" missed="0" covered="1"/><counter type="COMPLEXITY" missed="0" covered="1"/><counter type="METHOD" missed="0" covered="1"/></method><method name="getUsername" desc="()Ljava/lang/String;" line="45"><counter type="INSTRUCTION" missed="0" covered="3"/><counter type="LINE" missed="0" covered="1"/><counter type="COMPLEXITY" missed="0" covered="1"/><counter type="METHOD" missed="0" covered="1"/></method><method name="getId" desc="()Ljava/lang/String;" line="46"><counter type="INSTRUCTION" missed="0" covered="3"/><counter type="LINE" missed="0" covered="1"/><counter type="COMPLEXITY" missed="0" covered="1"/><counter type="METHOD" missed="0" covered="1"/></method><method name="getPasswordHash" desc="()Ljava/lang/String;" line="47"><counter type="INSTRUCTION" missed="0" covered="3"/><counter type="LINE" missed="0" covered="1"/><counter type="COMPLEXITY" missed="0" covered="1"/><counter type="METHOD" missed="0" covered="1"/></method><method name="getEmail" desc="()Ljava/lang/String;" line="48"><counter type="INSTRUCTION" missed="0" covered="3"/><counter type="LINE" missed="0" covered="1"/><counter type="COMPLEXITY" missed="0" covered="1"/><counter type="METHOD" missed="0" covered="1"/></method><method name="setEmail" desc="(Ljava/lang/String;)V" line="51"><counter type="INSTRUCTION" missed="0" covered="12"/><counter type="BRANCH" missed="0" covered="2"/><counter type="LINE" missed="0" covered="4"/><counter type="COMPLEXITY" missed="0" covered="2"/><counter type="METHOD" missed="0" covered="1"/></method><method name="isValidEmail" desc="(Ljava/lang/String;)Z" line="58"><counter type="INSTRUCTION" missed="0" covered="6"/><counter type="LINE" missed="0" covered="2"/><counter type="COMPLEXITY" missed="0" covered="1"/><counter type="METHOD" missed="0" covered="1"/></method><counter type="INSTRUCTION" missed="7" covered="63"/><counter type="BRANCH" missed="1" covered="3"/><counter type="LINE" missed="1" covered="20"/><counter type="COMPLEXITY" missed="2" covered="11"/><counter type="METHOD" missed="1" covered="10"/><counter type="CLASS" missed="0" covered="1"/></class><class name="edu/dosw/sirha/sirha_backend/domain/model/Student" sourcefilename="Student.java"><method name="&lt;init&gt;" desc="()V" line="49"><counter type="INSTRUCTION" missed="8" covered="0"/><counter type="LINE" missed="3" covered="0"/><counter type="COMPLEXITY" missed="1" covered="0"/><counter type="METHOD" missed="1" covered="0"/></method><method name="&lt;init&gt;" desc="(Ljava/lang/String;Ljava/lang/String;Ljava/lang/String;Ljava/lang/String;Ljava/lang/String;)V" line="54"><counter type="INSTRUCTION" missed="0" covered="15"/><counter type="LINE" missed="0" covered="4"/><counter type="COMPLEXITY" missed="0" covered="1"/><counter type="METHOD" missed="0" covered="1"/></method><method name="&lt;init&gt;" desc="(Ljava/lang/String;Ljava/lang/String;Ljava/lang/String;Ljava/lang/String;)V" line="67"><counter type="INSTRUCTION" missed="0" covered="14"/><counter type="LINE" missed="0" covered="4"/><counter type="COMPLEXITY" missed="0" covered="1"/><counter type="METHOD" missed="0" covered="1"/></method><method name="addRequest" desc="(Ledu/dosw/sirha/sirha_backend/domain/model/staterequest/BaseRequest;)V" line="80"><counter type="INSTRUCTION" missed="9" covered="11"/><counter type="BRANCH" missed="2" covered="2"/><counter type="LINE" missed="2" covered="4"/><counter type="COMPLEXITY" missed="2" covered="1"/><counter type="METHOD" missed="0" covered="1"/></method><method name="removeRequest" desc="(Ledu/dosw/sirha/sirha_backend/domain/model/staterequest/BaseRequest;)V" line="92"><counter type="INSTRUCTION" missed="24" covered="0"/><counter type="BRANCH" missed="6" covered="0"/><counter type="LINE" missed="6" covered="0"/><counter type="COMPLEXITY" missed="4" covered="0"/><counter type="METHOD" missed="1" covered="0"/></method><method name="getCodigo" desc="()Ljava/lang/String;" line="108"><counter type="INSTRUCTION" missed="0" covered="3"/><counter type="LINE" missed="0" covered="1"/><counter type="COMPLEXITY" missed="0" covered="1"/><counter type="METHOD" missed="0" covered="1"/></method><method name="setCodigo" desc="(Ljava/lang/String;)V" line="118"><counter type="INSTRUCTION" missed="4" covered="10"/><counter type="BRANCH" missed="2" covered="2"/><counter type="LINE" missed="1" covered="3"/><counter type="COMPLEXITY" missed="2" covered="1"/><counter type="METHOD" missed="0" covered="1"/></method><method name="getPlanGeneral" desc="()Ledu/dosw/sirha/sirha_backend/domain/model/StudyPlan;" line="129"><counter type="INSTRUCTION" missed="0" covered="4"/><counter type="LINE" missed="0" covered="1"/><counter type="COMPLEXITY" missed="0" covered="1"/><counter type="METHOD" missed="0" covered="1"/></method><method name="getAcademicProgress" desc="()Ledu/dosw/sirha/sirha_backend/domain/port/AcademicProgress;" line="135"><counter type="INSTRUCTION" missed="0" covered="3"/><counter type="LINE" missed="0" covered="1"/><counter type="COMPLEXITY" missed="0" covered="1"/><counter type="METHOD" missed="0" covered="1"/></method><method name="setAcademicProgress" desc="(Ledu/dosw/sirha/sirha_backend/domain/port/AcademicProgress;)V" line="139"><counter type="INSTRUCTION" missed="0" covered="4"/><counter type="LINE" missed="0" covered="2"/><counter type="COMPLEXITY" missed="0" covered="1"/><counter type="METHOD" missed="0" covered="1"/></method><method name="getSolicitudes" desc="()Ljava/util/List;" line="148"><counter type="INSTRUCTION" missed="5" covered="9"/><counter type="BRANCH" missed="1" covered="1"/><counter type="LINE" missed="1" covered="2"/><counter type="COMPLEXITY" missed="1" covered="1"/><counter type="METHOD" missed="0" covered="1"/></method><method name="getCareer" desc="()Ledu/dosw/sirha/sirha_backend/domain/model/enums/Careers;" line="156"><counter type="INSTRUCTION" missed="0" covered="9"/><counter type="BRANCH" missed="0" covered="2"/><counter type="LINE" missed="0" covered="3"/><counter type="COMPLEXITY" missed="0" covered="2"/><counter type="METHOD" missed="0" covered="1"/></method><method name="equals" desc="(Ljava/lang/Object;)Z" line="172"><counter type="INSTRUCTION" missed="11" covered="18"/><counter type="BRANCH" missed="3" covered="5"/><counter type="LINE" missed="2" covered="3"/><counter type="COMPLEXITY" missed="3" covered="2"/><counter type="METHOD" missed="0" covered="1"/></method><method name="hashCode" desc="()I" line="182"><counter type="INSTRUCTION" missed="15" covered="0"/><counter type="LINE" missed="1" covered="0"/><counter type="COMPLEXITY" missed="1" covered="0"/><counter type="METHOD" missed="1" covered="0"/></method><method name="getSubjectsInProgress" desc="()Ljava/util/List;" line="186"><counter type="INSTRUCTION" missed="0" covered="11"/><counter type="BRANCH" missed="0" covered="2"/><counter type="LINE" missed="0" covered="3"/><counter type="COMPLEXITY" missed="0" covered="2"/><counter type="METHOD" missed="0" covered="1"/></method><method name="getTotalSubjectsCount" desc="()I" line="192"><counter type="INSTRUCTION" missed="2" covered="7"/><counter type="BRANCH" missed="1" covered="1"/><counter type="LINE" missed="1" covered="2"/><counter type="COMPLEXITY" missed="1" covered="1"/><counter type="METHOD" missed="0" covered="1"/></method><method name="getSubjectsInProgressCount" desc="()I" line="198"><counter type="INSTRUCTION" missed="0" covered="9"/><counter type="BRANCH" missed="0" covered="2"/><counter type="LINE" missed="0" covered="3"/><counter type="COMPLEXITY" missed="0" covered="2"/><counter type="METHOD" missed="0" covered="1"/></method><method name="getPassedSubjectsCount" desc="()I" line="205"><counter type="INSTRUCTION" missed="0" covered="9"/><counter type="BRANCH" missed="0" covered="2"/><counter type="LINE" missed="0" covered="3"/><counter type="COMPLEXITY" missed="0" covered="2"/><counter type="METHOD" missed="0" covered="1"/></method><method name="getFailedSubjectsCount" desc="()I" line="212"><counter type="INSTRUCTION" missed="0" covered="9"/><counter type="BRANCH" missed="0" covered="2"/><counter type="LINE" missed="0" covered="3"/><counter type="COMPLEXITY" missed="0" covered="2"/><counter type="METHOD" missed="0" covered="1"/></method><method name="getSubjectsNotTakenCount" desc="()I" line="219"><counter type="INSTRUCTION" missed="0" covered="9"/><counter type="BRANCH" missed="0" covered="2"/><counter type="LINE" missed="0" covered="3"/><counter type="COMPLEXITY" missed="0" covered="2"/><counter type="METHOD" missed="0" covered="1"/></method><method name="getSubjectsBySemester" desc="(I)Ljava/util/List;" line="232"><counter type="INSTRUCTION" missed="0" covered="12"/><counter type="BRANCH" missed="0" covered="2"/><counter type="LINE" missed="0" covered="3"/><counter type="COMPLEXITY" missed="0" covered="2"/><counter type="METHOD" missed="0" covered="1"/></method><method name="getCreditsByColor" desc="(Ledu/dosw/sirha/sirha_backend/domain/model/enums/SemaforoColores;)I" line="245"><counter type="INSTRUCTION" missed="0" covered="10"/><counter type="BRANCH" missed="0" covered="2"/><counter type="LINE" missed="0" covered="3"/><counter type="COMPLEXITY" missed="0" covered="2"/><counter type="METHOD" missed="0" covered="1"/></method><method name="hasScheduleConflictWith" desc="(Ledu/dosw/sirha/sirha_backend/domain/model/stategroup/Group;)Z" line="256"><counter type="INSTRUCTION" missed="0" covered="16"/><counter type="BRANCH" missed="1" covered="3"/><counter type="LINE" missed="0" covered="5"/><counter type="COMPLEXITY" missed="1" covered="2"/><counter type="METHOD" missed="0" covered="1"/></method><method name="getCurrentSchedule" desc="()Ljava/util/List;" line="272"><counter type="INSTRUCTION" missed="9" covered="7"/><counter type="BRANCH" missed="1" covered="1"/><counter type="LINE" missed="4" covered="2"/><counter type="COMPLEXITY" missed="1" covered="1"/><counter type="METHOD" missed="0" covered="1"/></method><method name="hasCoursesInProgress" desc="()Z" line="287"><counter type="INSTRUCTION" missed="0" covered="7"/><counter type="BRANCH" missed="0" covered="2"/><counter type="LINE" missed="0" covered="1"/><counter type="COMPLEXITY" missed="0" covered="2"/><counter type="METHOD" missed="0" covered="1"/></method><method name="getCreditsInProgress" desc="()I" line="296"><counter type="INSTRUCTION" missed="4" covered="5"/><counter type="BRANCH" missed="1" covered="1"/><counter type="LINE" missed="1" covered="2"/><counter type="COMPLEXITY" missed="1" covered="1"/><counter type="METHOD" missed="0" covered="1"/></method><method name="getCurrentSemester" desc="()I" line="308"><counter type="INSTRUCTION" missed="14" covered="8"/><counter type="BRANCH" missed="1" covered="1"/><counter type="LINE" missed="6" covered="3"/><counter type="COMPLEXITY" missed="1" covered="1"/><counter type="METHOD" missed="0" covered="1"/></method><method name="getCurrentPeriod" desc="()Ledu/dosw/sirha/sirha_backend/domain/model/AcademicPeriod;" line="324"><counter type="INSTRUCTION" missed="0" covered="9"/><counter type="BRANCH" missed="0" covered="2"/><counter type="LINE" missed="0" covered="3"/><counter type="COMPLEXITY" missed="0" covered="2"/><counter type="METHOD" missed="0" covered="1"/></method><method name="setCurrentPeriod" desc="(Ledu/dosw/sirha/sirha_backend/domain/model/AcademicPeriod;)V" line="330"><counter type="INSTRUCTION" missed="8" covered="13"/><counter type="BRANCH" missed="2" covered="2"/><counter type="LINE" missed="2" covered="4"/><counter type="COMPLEXITY" missed="2" covered="1"/><counter type="METHOD" missed="0" covered="1"/></method><method name="hasSubject" desc="(Ledu/dosw/sirha/sirha_backend/domain/model/statesubjectdec/SubjectDecorator;)Z" line="340"><counter type="INSTRUCTION" missed="12" covered="0"/><counter type="BRANCH" missed="4" covered="0"/><counter type="LINE" missed="3" covered="0"/><counter type="COMPLEXITY" missed="3" covered="0"/><counter type="METHOD" missed="1" covered="0"/></method><method name="canEnroll" desc="(Ledu/dosw/sirha/sirha_backend/domain/model/Subject;)Z" line="348"><counter type="INSTRUCTION" missed="8" covered="29"/><counter type="BRANCH" missed="3" covered="7"/><counter type="LINE" missed="2" covered="5"/><counter type="COMPLEXITY" missed="3" covered="3"/><counter type="METHOD" missed="0" covered="1"/></method><method name="canEnrollInGroup" desc="(Ledu/dosw/sirha/sirha_backend/domain/model/Subject;Ledu/dosw/sirha/sirha_backend/domain/model/stategroup/Group;)Z" line="368"><counter type="INSTRUCTION" missed="16" covered="25"/><counter type="BRANCH" missed="6" covered="6"/><counter type="LINE" missed="4" covered="6"/><counter type="COMPLEXITY" missed="6" covered="1"/><counter type="METHOD" missed="0" covered="1"/></method><method name="enrollSubject" desc="(Ledu/dosw/sirha/sirha_backend/domain/model/Subject;Ledu/dosw/sirha/sirha_backend/domain/model/stategroup/Group;)V" line="394"><counter type="INSTRUCTION" missed="4" covered="15"/><counter type="BRANCH" missed="1" covered="1"/><counter type="LINE" missed="1" covered="4"/><counter type="COMPLEXITY" missed="1" covered="1"/><counter type="METHOD" missed="0" covered="1"/></method><method name="enrollSubject" desc="(Ledu/dosw/sirha/sirha_backend/domain/model/Subject;Ledu/dosw/sirha/sirha_backend/domain/model/stategroup/Group;I)V" line="405"><counter type="INSTRUCTION" missed="0" covered="11"/><counter type="LINE" missed="0" covered="3"/><counter type="COMPLEXITY" missed="0" covered="1"/><counter type="METHOD" missed="0" covered="1"/></method><method name="unenrollSubject" desc="(Ledu/dosw/sirha/sirha_backend/domain/model/Subject;Ledu/dosw/sirha/sirha_backend/domain/model/stategroup/Group;)V" line="412"><counter type="INSTRUCTION" missed="27" covered="0"/><counter type="BRANCH" missed="6" covered="0"/><counter type="LINE" missed="6" covered="0"/><counter type="COMPLEXITY" missed="4" covered="0"/><counter type="METHOD" missed="1" covered="0"/></method><method name="approveSubject" desc="(Ledu/dosw/sirha/sirha_backend/domain/model/Subject;)V" line="423"><counter type="INSTRUCTION" missed="0" covered="6"/><counter type="LINE" missed="0" covered="2"/><counter type="COMPLEXITY" missed="0" covered="1"/><counter type="METHOD" missed="0" covered="1"/></method><method name="failSubject" desc="(Ledu/dosw/sirha/sirha_backend/domain/model/Subject;)V" line="428"><counter type="INSTRUCTION" missed="0" covered="6"/><counter type="LINE" missed="0" covered="2"/><counter type="COMPLEXITY" missed="0" covered="1"/><counter type="METHOD" missed="0" covered="1"/></method><method name="hasSubject" desc="(Ledu/dosw/sirha/sirha_backend/domain/model/Subject;)Z" line="435"><counter type="INSTRUCTION" missed="0" covered="12"/><counter type="BRANCH" missed="0" covered="4"/><counter type="LINE" missed="0" covered="1"/><counter type="COMPLEXITY" missed="0" covered="3"/><counter type="METHOD" missed="0" covered="1"/></method><method name="validateChangeGroup" desc="(Ledu/dosw/sirha/sirha_backend/domain/model/Subject;Ledu/dosw/sirha/sirha_backend/domain/model/stategroup/Group;)Z" line="440"><counter type="INSTRUCTION" missed="12" covered="56"/><counter type="BRANCH" missed="5" covered="13"/><counter type="LINE" missed="3" covered="13"/><counter type="COMPLEXITY" missed="5" covered="5"/><counter type="METHOD" missed="0" covered="1"/></method><method name="validateChangeSubject" desc="(Ledu/dosw/sirha/sirha_backend/domain/model/Subject;Ledu/dosw/sirha/sirha_backend/domain/model/Subject;Ledu/dosw/sirha/sirha_backend/domain/model/stategroup/Group;)Z" line="467"><counter type="INSTRUCTION" missed="0" covered="102"/><counter type="BRANCH" missed="3" covered="25"/><counter type="LINE" missed="0" covered="22"/><counter type="COMPLEXITY" missed="3" covered="12"/><counter type="METHOD" missed="0" covered="1"/></method><method name="createGroupChangeRequest" desc="(Ledu/dosw/sirha/sirha_backend/domain/model/Subject;Ledu/dosw/sirha/sirha_backend/domain/model/stategroup/Group;)Ledu/dosw/sirha/sirha_backend/domain/model/CambioGrupo;" line="502"><counter type="INSTRUCTION" missed="0" covered="19"/><counter type="LINE" missed="0" covered="4"/><counter type="COMPLEXITY" missed="0" covered="1"/><counter type="METHOD" missed="0" covered="1"/></method><method name="createSubjectChangeRequest" desc="(Ledu/dosw/sirha/sirha_backend/domain/model/Subject;Ledu/dosw/sirha/sirha_backend/domain/model/Subject;Ledu/dosw/sirha/sirha_backend/domain/model/stategroup/Group;)Ledu/dosw/sirha/sirha_backend/domain/model/CambioMateria;" line="508"><counter type="INSTRUCTION" missed="0" covered="21"/><counter type="LINE" missed="0" covered="4"/><counter type="COMPLEXITY" missed="0" covered="1"/><counter type="METHOD" missed="0" covered="1"/></method><method name="getAllSchedules" desc="()Ljava/util/Map;" line="516"><counter type="INSTRUCTION" missed="4" covered="5"/><counter type="BRANCH" missed="1" covered="1"/><counter type="LINE" missed="1" covered="2"/><counter type="COMPLEXITY" missed="1" covered="1"/><counter type="METHOD" missed="0" covered="1"/></method><method name="getScheduleForPeriod" desc="(Ledu/dosw/sirha/sirha_backend/domain/model/AcademicPeriod;)Ljava/util/List;" line="525"><counter type="INSTRUCTION" missed="9" covered="0"/><counter type="LINE" missed="1" covered="0"/><counter type="COMPLEXITY" missed="1" covered="0"/><counter type="METHOD" missed="1" covered="0"/></method><method name="toString" desc="()Ljava/lang/String;" line="533"><counter type="INSTRUCTION" missed="0" covered="20"/><counter type="LINE" missed="0" covered="2"/><counter type="COMPLEXITY" missed="0" covered="1"/><counter type="METHOD" missed="0" covered="1"/></method><method name="getAcademicPensum" desc="()Ljava/util/Map;" line="539"><counter type="INSTRUCTION" missed="0" covered="25"/><counter type="BRANCH" missed="0" covered="2"/><counter type="LINE" missed="0" covered="7"/><counter type="COMPLEXITY" missed="0" covered="2"/><counter type="METHOD" missed="0" covered="1"/></method><method name="getPercentageByColor" desc="()Ljava/util/Map;" line="553"><counter type="INSTRUCTION" missed="0" covered="12"/><counter type="BRANCH" missed="0" covered="2"/><counter type="LINE" missed="0" covered="3"/><counter type="COMPLEXITY" missed="0" covered="2"/><counter type="METHOD" missed="0" covered="1"/></method><method name="getStudentBasicInfo" desc="()Ledu/dosw/sirha/sirha_backend/dto/StudentDTO;" line="561"><counter type="INSTRUCTION" missed="0" covered="14"/><counter type="LINE" missed="0" covered="6"/><counter type="COMPLEXITY" missed="0" covered="1"/><counter type="METHOD" missed="0" covered="1"/></method><method name="getOverallProgressPercentage" desc="()D" line="572"><counter type="INSTRUCTION" missed="0" covered="9"/><counter type="BRANCH" missed="0" covered="2"/><counter type="LINE" missed="0" covered="3"/><counter type="COMPLEXITY" missed="0" covered="2"/><counter type="METHOD" missed="0" covered="1"/></method><method name="getAcademicSuccessRate" desc="()D" line="579"><counter type="INSTRUCTION" missed="0" covered="9"/><counter type="BRANCH" missed="0" covered="2"/><counter type="LINE" missed="0" covered="3"/><counter type="COMPLEXITY" missed="0" covered="2"/><counter type="METHOD" missed="0" covered="1"/></method><method name="getCompletedCreditsPercentage" desc="()D" line="585"><counter type="INSTRUCTION" missed="0" covered="9"/><counter type="BRANCH" missed="0" covered="2"/><counter type="LINE" missed="0" covered="3"/><counter type="COMPLEXITY" missed="0" covered="2"/><counter type="METHOD" missed="0" covered="1"/></method><method name="getAcademicIndicators" desc="()Ledu/dosw/sirha/sirha_backend/dto/AcademicIndicatorsDTO;" line="592"><counter type="INSTRUCTION" missed="0" covered="9"/><counter type="BRANCH" missed="0" covered="2"/><counter type="LINE" missed="0" covered="3"/><counter type="COMPLEXITY" missed="0" covered="2"/><counter type="METHOD" missed="0" covered="1"/></method><method name="generateCompleteReport" desc="()Ledu/dosw/sirha/sirha_backend/dto/StudentReportDTO;" line="600"><counter type="INSTRUCTION" missed="2" covered="13"/><counter type="BRANCH" missed="1" covered="1"/><counter type="LINE" missed="1" covered="5"/><counter type="COMPLEXITY" missed="1" covered="1"/><counter type="METHOD" missed="0" covered="1"/></method><method name="getAcademicSummary" desc="()Ljava/lang/String;" line="617"><counter type="INSTRUCTION" missed="0" covered="72"/><counter type="LINE" missed="0" covered="9"/><counter type="COMPLEXITY" missed="0" covered="1"/><counter type="METHOD" missed="0" covered="1"/></method><method name="getApprovalRequestPercentage" desc="()D" line="632"><counter type="INSTRUCTION" missed="0" covered="13"/><counter type="BRANCH" missed="1" covered="3"/><counter type="LINE" missed="0" covered="3"/><counter type="COMPLEXITY" missed="1" covered="2"/><counter type="METHOD" missed="0" covered="1"/></method><method name="getRejectionRequestPercentage" desc="()D" line="639"><counter type="INSTRUCTION" missed="0" covered="13"/><counter type="BRANCH" missed="1" covered="3"/><counter type="LINE" missed="0" covered="3"/><counter type="COMPLEXITY" missed="1" covered="2"/><counter type="METHOD" missed="0" covered="1"/></method><method name="getPendingRequestPercentage" desc="()D" line="646"><counter type="INSTRUCTION" missed="0" covered="13"/><counter type="BRANCH" missed="1" covered="3"/><counter type="LINE" missed="0" covered="3"/><counter type="COMPLEXITY" missed="1" covered="2"/><counter type="METHOD" missed="0" covered="1"/></method><method name="getInReviewRequestPercentage" desc="()D" line="653"><counter type="INSTRUCTION" missed="2" covered="11"/><counter type="BRANCH" missed="2" covered="2"/><counter type="LINE" missed="1" covered="2"/><counter type="COMPLEXITY" missed="2" covered="1"/><counter type="METHOD" missed="0" covered="1"/></method><method name="getTotalRequestsMade" desc="()I" line="661"><counter type="INSTRUCTION" missed="2" covered="7"/><counter type="BRANCH" missed="1" covered="1"/><counter type="LINE" missed="1" covered="2"/><counter type="COMPLEXITY" missed="1" covered="1"/><counter type="METHOD" missed="0" covered="1"/></method><method name="hasActiveRequests" desc="()Z" line="668"><counter type="INSTRUCTION" missed="2" covered="9"/><counter type="BRANCH" missed="1" covered="1"/><counter type="LINE" missed="1" covered="2"/><counter type="COMPLEXITY" missed="1" covered="1"/><counter type="METHOD" missed="0" covered="1"/></method><method name="getRequestApprovalRate" desc="()Ledu/dosw/sirha/sirha_backend/dto/RequestApprovalRateDTO;" line="677"><counter type="INSTRUCTION" missed="0" covered="40"/><counter type="BRANCH" missed="1" covered="3"/><counter type="LINE" missed="0" covered="15"/><counter type="COMPLEXITY" missed="1" covered="2"/><counter type="METHOD" missed="0" covered="1"/></method><method name="getTotalApprovedRequests" desc="()I" line="699"><counter type="INSTRUCTION" missed="2" covered="11"/><counter type="BRANCH" missed="1" covered="1"/><counter type="LINE" missed="1" covered="2"/><counter type="COMPLEXITY" missed="1" covered="1"/><counter type="METHOD" missed="0" covered="1"/></method><method name="getTotalRejectedRequests" desc="()I" line="707"><counter type="INSTRUCTION" missed="2" covered="11"/><counter type="BRANCH" missed="1" covered="1"/><counter type="LINE" missed="1" covered="2"/><counter type="COMPLEXITY" missed="1" covered="1"/><counter type="METHOD" missed="0" covered="1"/></method><method name="getTotalPendingRequests" desc="()I" line="715"><counter type="INSTRUCTION" missed="2" covered="11"/><counter type="BRANCH" missed="1" covered="1"/><counter type="LINE" missed="1" covered="2"/><counter type="COMPLEXITY" missed="1" covered="1"/><counter type="METHOD" missed="0" covered="1"/></method><method name="getTotalInReviewRequests" desc="()I" line="723"><counter type="INSTRUCTION" missed="2" covered="11"/><counter type="BRANCH" missed="1" covered="1"/><counter type="LINE" missed="1" covered="2"/><counter type="COMPLEXITY" missed="1" covered="1"/><counter type="METHOD" missed="0" covered="1"/></method><method name="getSubjectsByColorCount" desc="(Ledu/dosw/sirha/sirha_backend/domain/model/enums/SemaforoColores;)I" line="730"><counter type="INSTRUCTION" missed="10" covered="0"/><counter type="BRANCH" missed="2" covered="0"/><counter type="LINE" missed="3" covered="0"/><counter type="COMPLEXITY" missed="2" covered="0"/><counter type="METHOD" missed="1" covered="0"/></method><method name="getRequestById" desc="(Ljava/lang/String;)Ledu/dosw/sirha/sirha_backend/domain/model/staterequest/BaseRequest;" line="737"><counter type="INSTRUCTION" missed="20" covered="0"/><counter type="BRANCH" missed="4" covered="0"/><counter type="LINE" missed="6" covered="0"/><counter type="COMPLEXITY" missed="3" covered="0"/><counter type="METHOD" missed="1" covered="0"/></method><method name="getRequestsHistory" desc="()Ljava/util/List;" line="749"><counter type="INSTRUCTION" missed="14" covered="0"/><counter type="BRANCH" missed="2" covered="0"/><counter type="LINE" missed="5" covered="0"/><counter type="COMPLEXITY" missed="2" covered="0"/><counter type="METHOD" missed="1" covered="0"/></method><method name="lambda$0" desc="(Ledu/dosw/sirha/sirha_backend/domain/model/statesubjectdec/SubjectDecorator;)Z" line="261"><counter type="INSTRUCTION" missed="1" covered="6"/><counter type="BRANCH" missed="1" covered="1"/><counter type="LINE" missed="0" covered="1"/><counter type="COMPLEXITY" missed="1" covered="1"/><counter type="METHOD" missed="0" covered="1"/></method><method name="lambda$1" desc="(Ledu/dosw/sirha/sirha_backend/domain/model/stategroup/Group;Ledu/dosw/sirha/sirha_backend/domain/model/statesubjectdec/SubjectDecorator;)Z" line="262"><counter type="INSTRUCTION" missed="0" covered="5"/><counter type="LINE" missed="0" covered="1"/><counter type="COMPLEXITY" missed="0" covered="1"/><counter type="METHOD" missed="0" covered="1"/></method><method name="lambda$2" desc="(Ledu/dosw/sirha/sirha_backend/domain/model/statesubjectdec/SubjectDecorator;)Z" line="276"><counter type="INSTRUCTION" missed="7" covered="0"/><counter type="BRANCH" missed="2" covered="0"/><counter type="LINE" missed="1" covered="0"/><counter type="COMPLEXITY" missed="2" covered="0"/><counter type="METHOD" missed="1" covered="0"/></method><method name="lambda$3" desc="(Ledu/dosw/sirha/sirha_backend/domain/model/statesubjectdec/SubjectDecorator;)Ljava/util/stream/Stream;" line="277"><counter type="INSTRUCTION" missed="5" covered="0"/><counter type="LINE" missed="1" covered="0"/><counter type="COMPLEXITY" missed="1" covered="0"/><counter type="METHOD" missed="1" covered="0"/></method><method name="lambda$5" desc="(I)Z" line="315"><counter type="INSTRUCTION" missed="6" covered="0"/><counter type="BRANCH" missed="2" covered="0"/><counter type="LINE" missed="1" covered="0"/><counter type="COMPLEXITY" missed="2" covered="0"/><counter type="METHOD" missed="1" covered="0"/></method><method name="lambda$6" desc="(Ledu/dosw/sirha/sirha_backend/domain/model/staterequest/BaseRequest;)Z" line="671"><counter type="INSTRUCTION" missed="2" covered="10"/><counter type="BRANCH" missed="2" covered="2"/><counter type="LINE" missed="0" covered="1"/><counter type="COMPLEXITY" missed="2" covered="1"/><counter type="METHOD" missed="0" covered="1"/></method><method name="lambda$7" desc="(Ledu/dosw/sirha/sirha_backend/domain/model/staterequest/BaseRequest;)Z" line="702"><counter type="INSTRUCTION" missed="2" covered="6"/><counter type="BRANCH" missed="1" covered="1"/><counter type="LINE" missed="0" covered="1"/><counter type="COMPLEXITY" missed="1" covered="1"/><counter type="METHOD" missed="0" covered="1"/></method><method name="lambda$8" desc="(Ledu/dosw/sirha/sirha_backend/domain/model/staterequest/BaseRequest;)Z" line="710"><counter type="INSTRUCTION" missed="2" covered="6"/><counter type="BRANCH" missed="1" covered="1"/><counter type="LINE" missed="0" covered="1"/><counter type="COMPLEXITY" missed="1" covered="1"/><counter type="METHOD" missed="0" covered="1"/></method><method name="lambda$9" desc="(Ledu/dosw/sirha/sirha_backend/domain/model/staterequest/BaseRequest;)Z" line="718"><counter type="INSTRUCTION" missed="2" covered="6"/><counter type="BRANCH" missed="1" covered="1"/><counter type="LINE" missed="0" covered="1"/><counter type="COMPLEXITY" missed="1" covered="1"/><counter type="METHOD" missed="0" covered="1"/></method><method name="lambda$10" desc="(Ledu/dosw/sirha/sirha_backend/domain/model/staterequest/BaseRequest;)Z" line="726"><counter type="INSTRUCTION" missed="1" covered="7"/><counter type="BRANCH" missed="1" covered="1"/><counter type="LINE" missed="0" covered="1"/><counter type="COMPLEXITY" missed="1" covered="1"/><counter type="METHOD" missed="0" covered="1"/></method><method name="lambda$11" desc="(Ljava/lang/String;Ledu/dosw/sirha/sirha_backend/domain/model/staterequest/BaseRequest;)Z" line="741"><counter type="INSTRUCTION" missed="5" covered="0"/><counter type="LINE" missed="1" covered="0"/><counter type="COMPLEXITY" missed="1" covered="0"/><counter type="METHOD" missed="1" covered="0"/></method><method name="lambda$12" desc="(Ledu/dosw/sirha/sirha_backend/domain/model/staterequest/BaseRequest;)Z" line="753"><counter type="INSTRUCTION" missed="12" covered="0"/><counter type="BRANCH" missed="4" covered="0"/><counter type="LINE" missed="1" covered="0"/><counter type="COMPLEXITY" missed="3" covered="0"/><counter type="METHOD" missed="1" covered="0"/></method><counter type="INSTRUCTION" missed="310" covered="936"/><counter type="BRANCH" missed="86" covered="136"/><counter type="LINE" missed="73" covered="221"/><counter type="COMPLEXITY" missed="84" covered="107"/><counter type="METHOD" missed="14" covered="66"/><counter type="CLASS" missed="0" covered="1"/></class><class name="edu/dosw/sirha/sirha_backend/domain/model/Semaforo" sourcefilename="Semaforo.java"><method name="&lt;init&gt;" desc="(Ledu/dosw/sirha/sirha_backend/domain/model/StudyPlan;)V" line="24"><counter type="INSTRUCTION" missed="0" covered="13"/><counter type="LINE" missed="0" covered="5"/><counter type="COMPLEXITY" missed="0" covered="1"/><counter type="METHOD" missed="0" covered="1"/></method><method name="iniciarSemaforo" desc="()V" line="31"><counter type="INSTRUCTION" missed="0" covered="34"/><counter type="BRANCH" missed="0" covered="2"/><counter type="LINE" missed="0" covered="6"/><counter type="COMPLEXITY" missed="0" covered="2"/><counter type="METHOD" missed="0" covered="1"/></method><method name="getSubjects" desc="()Ljava/util/Collection;" line="40"><counter type="INSTRUCTION" missed="0" covered="4"/><counter type="LINE" missed="0" covered="1"/><counter type="COMPLEXITY" missed="0" covered="1"/><counter type="METHOD" missed="0" covered="1"/></method><method name="getCurrentAcademicPeriod" desc="()Ledu/dosw/sirha/sirha_backend/domain/model/AcademicPeriod;" line="43"><counter type="INSTRUCTION" missed="0" covered="3"/><counter type="LINE" missed="0" covered="1"/><counter type="COMPLEXITY" missed="0" covered="1"/><counter type="METHOD" missed="0" covered="1"/></method><method name="setCurrentAcademicPeriod" desc="(Ledu/dosw/sirha/sirha_backend/domain/model/AcademicPeriod;)V" line="46"><counter type="INSTRUCTION" missed="0" covered="4"/><counter type="LINE" missed="0" covered="2"/><counter type="COMPLEXITY" missed="0" covered="1"/><counter type="METHOD" missed="0" covered="1"/></method><method name="getStudyPlan" desc="()Ledu/dosw/sirha/sirha_backend/domain/model/StudyPlan;" line="50"><counter type="INSTRUCTION" missed="0" covered="3"/><counter type="LINE" missed="0" covered="1"/><counter type="COMPLEXITY" missed="0" covered="1"/><counter type="METHOD" missed="0" covered="1"/></method><method name="getStudyPlanSubjectsCount" desc="()I" line="54"><counter type="INSTRUCTION" missed="5" covered="0"/><counter type="LINE" missed="1" covered="0"/><counter type="COMPLEXITY" missed="1" covered="0"/><counter type="METHOD" missed="1" covered="0"/></method><method name="getPassedSubjects" desc="()Ljava/util/List;" line="58"><counter type="INSTRUCTION" missed="0" covered="8"/><counter type="LINE" missed="0" covered="3"/><counter type="COMPLEXITY" missed="0" covered="1"/><counter type="METHOD" missed="0" covered="1"/></method><method name="getSubjectsInProgress" desc="()Ljava/util/List;" line="64"><counter type="INSTRUCTION" missed="0" covered="8"/><counter type="LINE" missed="0" covered="3"/><counter type="COMPLEXITY" missed="0" covered="1"/><counter type="METHOD" missed="0" covered="1"/></method><method name="getFailedSubjects" desc="()Ljava/util/List;" line="70"><counter type="INSTRUCTION" missed="0" covered="8"/><counter type="LINE" missed="0" covered="3"/><counter type="COMPLEXITY" missed="0" covered="1"/><counter type="METHOD" missed="0" covered="1"/></method><method name="getSubjectsNotTaken" desc="()Ljava/util/List;" line="76"><counter type="INSTRUCTION" missed="0" covered="8"/><counter type="LINE" missed="0" covered="3"/><counter type="COMPLEXITY" missed="0" covered="1"/><counter type="METHOD" missed="0" covered="1"/></method><method name="getSubjectsCount" desc="()I" line="82"><counter type="INSTRUCTION" missed="4" covered="0"/><counter type="LINE" missed="1" covered="0"/><counter type="COMPLEXITY" missed="1" covered="0"/><counter type="METHOD" missed="1" covered="0"/></method><method name="getPassedSubjectsCount" desc="()I" line="86"><counter type="INSTRUCTION" missed="0" covered="4"/><counter type="LINE" missed="0" covered="1"/><counter type="COMPLEXITY" missed="0" covered="1"/><counter type="METHOD" missed="0" covered="1"/></method><method name="getSubjectsInProgressCount" desc="()I" line="89"><counter type="INSTRUCTION" missed="0" covered="4"/><counter type="LINE" missed="0" covered="1"/><counter type="COMPLEXITY" missed="0" covered="1"/><counter type="METHOD" missed="0" covered="1"/></method><method name="getFailedSubjectsCount" desc="()I" line="92"><counter type="INSTRUCTION" missed="0" covered="4"/><counter type="LINE" missed="0" covered="1"/><counter type="COMPLEXITY" missed="0" covered="1"/><counter type="METHOD" missed="0" covered="1"/></method><method name="getSubjectsNotTakenCount" desc="()I" line="95"><counter type="INSTRUCTION" missed="0" covered="4"/><counter type="LINE" missed="0" covered="1"/><counter type="COMPLEXITY" missed="0" covered="1"/><counter type="METHOD" missed="0" covered="1"/></method><method name="getTotalSubjectsCount" desc="()I" line="98"><counter type="INSTRUCTION" missed="0" covered="4"/><counter type="LINE" missed="0" covered="1"/><counter type="COMPLEXITY" missed="0" covered="1"/><counter type="METHOD" missed="0" covered="1"/></method><method name="getCreditsByColor" desc="(Ledu/dosw/sirha/sirha_backend/domain/model/enums/SemaforoColores;)I" line="101"><counter type="INSTRUCTION" missed="0" covered="11"/><counter type="LINE" missed="0" covered="4"/><counter type="COMPLEXITY" missed="0" covered="1"/><counter type="METHOD" missed="0" covered="1"/></method><method name="getSubjectsBySemester" desc="(I)Ljava/util/List;" line="109"><counter type="INSTRUCTION" missed="0" covered="27"/><counter type="BRANCH" missed="0" covered="4"/><counter type="LINE" missed="0" covered="5"/><counter type="COMPLEXITY" missed="0" covered="3"/><counter type="METHOD" missed="0" covered="1"/></method><method name="hasSubject" desc="(Ledu/dosw/sirha/sirha_backend/domain/model/Subject;)Z" line="120"><counter type="INSTRUCTION" missed="0" covered="6"/><counter type="LINE" missed="0" covered="1"/><counter type="COMPLEXITY" missed="0" covered="1"/><counter type="METHOD" missed="0" covered="1"/></method><method name="getCareer" desc="()Ledu/dosw/sirha/sirha_backend/domain/model/enums/Careers;" line="125"><counter type="INSTRUCTION" missed="0" covered="4"/><counter type="LINE" missed="0" covered="1"/><counter type="COMPLEXITY" missed="0" covered="1"/><counter type="METHOD" missed="0" covered="1"/></method><method name="getContadoresPorEstado" desc="()[I" line="131"><counter type="INSTRUCTION" missed="0" covered="23"/><counter type="LINE" missed="0" covered="5"/><counter type="COMPLEXITY" missed="0" covered="1"/><counter type="METHOD" missed="0" covered="1"/></method><method name="isSubjectApproved" desc="(Ledu/dosw/sirha/sirha_backend/domain/model/Subject;)Z" line="141"><counter type="INSTRUCTION" missed="4" covered="23"/><counter type="BRANCH" missed="2" covered="4"/><counter type="LINE" missed="2" covered="4"/><counter type="COMPLEXITY" missed="2" covered="2"/><counter type="METHOD" missed="0" covered="1"/></method><method name="isSubjectCursando" desc="(Ledu/dosw/sirha/sirha_backend/domain/model/Subject;)Z" line="153"><counter type="INSTRUCTION" missed="2" covered="23"/><counter type="BRANCH" missed="2" covered="4"/><counter type="LINE" missed="1" covered="3"/><counter type="COMPLEXITY" missed="2" covered="2"/><counter type="METHOD" missed="0" covered="1"/></method><method name="isSubjectReprobada" desc="(Ledu/dosw/sirha/sirha_backend/domain/model/Subject;)Z" line="162"><counter type="INSTRUCTION" missed="25" covered="0"/><counter type="BRANCH" missed="6" covered="0"/><counter type="LINE" missed="4" covered="0"/><counter type="COMPLEXITY" missed="4" covered="0"/><counter type="METHOD" missed="1" covered="0"/></method><method name="isSubjectNoCursada" desc="(Ledu/dosw/sirha/sirha_backend/domain/model/Subject;)Z" line="171"><counter type="INSTRUCTION" missed="2" covered="23"/><counter type="BRANCH" missed="2" covered="4"/><counter type="LINE" missed="1" covered="3"/><counter type="COMPLEXITY" missed="2" covered="2"/><counter type="METHOD" missed="0" covered="1"/></method><method name="verifyChangeGroup" desc="(Ledu/dosw/sirha/sirha_backend/domain/model/Subject;Ledu/dosw/sirha/sirha_backend/domain/model/stategroup/Group;)Z" line="181"><counter type="INSTRUCTION" missed="8" covered="32"/><counter type="BRANCH" missed="2" covered="6"/><counter type="LINE" missed="2" covered="8"/><counter type="COMPLEXITY" missed="2" covered="3"/><counter type="METHOD" missed="0" covered="1"/></method><method name="enrollSubjectInGroup" desc="(Ledu/dosw/sirha/sirha_backend/domain/model/Subject;Ledu/dosw/sirha/sirha_backend/domain/model/stategroup/Group;)V" line="201"><counter type="INSTRUCTION" missed="8" covered="17"/><counter type="BRANCH" missed="2" covered="2"/><counter type="LINE" missed="2" covered="5"/><counter type="COMPLEXITY" missed="2" covered="1"/><counter type="METHOD" missed="0" covered="1"/></method><method name="getAllSchedules" desc="()Ljava/util/Map;" line="214"><counter type="INSTRUCTION" missed="12" covered="0"/><counter type="LINE" missed="3" covered="0"/><counter type="COMPLEXITY" missed="1" covered="0"/><counter type="METHOD" missed="1" covered="0"/></method><method name="getAcademicPensum" desc="()Ljava/util/Map;" line="222"><counter type="INSTRUCTION" missed="0" covered="13"/><counter type="LINE" missed="0" covered="3"/><counter type="COMPLEXITY" missed="0" covered="1"/><counter type="METHOD" missed="0" covered="1"/></method><method name="getPercentageByColor" desc="()Ljava/util/Map;" line="245"><counter type="INSTRUCTION" missed="2" covered="68"/><counter type="BRANCH" missed="1" covered="1"/><counter type="LINE" missed="0" covered="8"/><counter type="COMPLEXITY" missed="1" covered="1"/><counter type="METHOD" missed="0" covered="1"/></method><method name="getOverallProgressPercentage" desc="()D" line="266"><counter type="INSTRUCTION" missed="2" covered="16"/><counter type="BRANCH" missed="1" covered="1"/><counter type="LINE" missed="1" covered="4"/><counter type="COMPLEXITY" missed="1" covered="1"/><counter type="METHOD" missed="0" covered="1"/></method><method name="getAcademicSuccessRate" desc="()D" line="279"><counter type="INSTRUCTION" missed="2" covered="19"/><counter type="BRANCH" missed="1" covered="1"/><counter type="LINE" missed="1" covered="4"/><counter type="COMPLEXITY" missed="1" covered="1"/><counter type="METHOD" missed="0" covered="1"/></method><method name="getCompletedCreditsPercentage" desc="()D" line="292"><counter type="INSTRUCTION" missed="2" covered="17"/><counter type="BRANCH" missed="1" covered="1"/><counter type="LINE" missed="1" covered="4"/><counter type="COMPLEXITY" missed="1" covered="1"/><counter type="METHOD" missed="0" covered="1"/></method><method name="getAcademicIndicators" desc="()Ledu/dosw/sirha/sirha_backend/dto/AcademicIndicatorsDTO;" line="302"><counter type="INSTRUCTION" missed="22" covered="57"/><counter type="BRANCH" missed="9" covered="7"/><counter type="LINE" missed="7" covered="22"/><counter type="COMPLEXITY" missed="8" covered="1"/><counter type="METHOD" missed="0" covered="1"/></method><method name="getCreditsStudyPlan" desc="()I" line="344"><counter type="INSTRUCTION" missed="0" covered="4"/><counter type="LINE" missed="0" covered="1"/><counter type="COMPLEXITY" missed="0" covered="1"/><counter type="METHOD" missed="0" covered="1"/></method><method name="approveSubject" desc="(Ljava/lang/String;)V" line="349"><counter type="INSTRUCTION" missed="3" covered="11"/><counter type="BRANCH" missed="1" covered="1"/><counter type="LINE" missed="1" covered="4"/><counter type="COMPLEXITY" missed="1" covered="1"/><counter type="METHOD" missed="0" covered="1"/></method><method name="failSubject" desc="(Ljava/lang/String;)V" line="358"><counter type="INSTRUCTION" missed="3" covered="11"/><counter type="BRANCH" missed="1" covered="1"/><counter type="LINE" missed="1" covered="4"/><counter type="COMPLEXITY" missed="1" covered="1"/><counter type="METHOD" missed="0" covered="1"/></method><method name="unenrollSubjectFromGroup" desc="(Ljava/lang/String;Ledu/dosw/sirha/sirha_backend/domain/model/stategroup/Group;)V" line="366"><counter type="INSTRUCTION" missed="14" covered="0"/><counter type="BRANCH" missed="2" covered="0"/><counter type="LINE" missed="5" covered="0"/><counter type="COMPLEXITY" missed="2" covered="0"/><counter type="METHOD" missed="1" covered="0"/></method><method name="getSubjectsByColorCount" desc="(Ledu/dosw/sirha/sirha_backend/domain/model/enums/SemaforoColores;)I" line="375"><counter type="INSTRUCTION" missed="0" covered="10"/><counter type="LINE" missed="0" covered="3"/><counter type="COMPLEXITY" missed="0" covered="1"/><counter type="METHOD" missed="0" covered="1"/></method><method name="setSubjectSemester" desc="(Ljava/lang/String;I)V" line="382"><counter type="INSTRUCTION" missed="3" covered="12"/><counter type="BRANCH" missed="1" covered="1"/><counter type="LINE" missed="1" covered="4"/><counter type="COMPLEXITY" missed="1" covered="1"/><counter type="METHOD" missed="0" covered="1"/></method><method name="lambda$0" desc="(Ledu/dosw/sirha/sirha_backend/domain/model/statesubjectdec/SubjectDecorator;)Z" line="59"><counter type="INSTRUCTION" missed="0" covered="8"/><counter type="BRANCH" missed="0" covered="2"/><counter type="LINE" missed="0" covered="1"/><counter type="COMPLEXITY" missed="0" covered="2"/><counter type="METHOD" missed="0" covered="1"/></method><method name="lambda$1" desc="(Ledu/dosw/sirha/sirha_backend/domain/model/statesubjectdec/SubjectDecorator;)Z" line="65"><counter type="INSTRUCTION" missed="0" covered="8"/><counter type="BRANCH" missed="0" covered="2"/><counter type="LINE" missed="0" covered="1"/><counter type="COMPLEXITY" missed="0" covered="2"/><counter type="METHOD" missed="0" covered="1"/></method><method name="lambda$2" desc="(Ledu/dosw/sirha/sirha_backend/domain/model/statesubjectdec/SubjectDecorator;)Z" line="71"><counter type="INSTRUCTION" missed="0" covered="8"/><counter type="BRANCH" missed="0" covered="2"/><counter type="LINE" missed="0" covered="1"/><counter type="COMPLEXITY" missed="0" covered="2"/><counter type="METHOD" missed="0" covered="1"/></method><method name="lambda$3" desc="(Ledu/dosw/sirha/sirha_backend/domain/model/statesubjectdec/SubjectDecorator;)Z" line="77"><counter type="INSTRUCTION" missed="0" covered="8"/><counter type="BRANCH" missed="0" covered="2"/><counter type="LINE" missed="0" covered="1"/><counter type="COMPLEXITY" missed="0" covered="2"/><counter type="METHOD" missed="0" covered="1"/></method><method name="lambda$4" desc="(Ledu/dosw/sirha/sirha_backend/domain/model/enums/SemaforoColores;Ledu/dosw/sirha/sirha_backend/domain/model/statesubjectdec/SubjectDecorator;)Z" line="102"><counter type="INSTRUCTION" missed="0" covered="8"/><counter type="BRANCH" missed="0" covered="2"/><counter type="LINE" missed="0" covered="1"/><counter type="COMPLEXITY" missed="0" covered="2"/><counter type="METHOD" missed="0" covered="1"/></method><method name="lambda$6" desc="(Ljava/util/Map;Ledu/dosw/sirha/sirha_backend/domain/model/statesubjectdec/SubjectDecorator;)V" line="216"><counter type="INSTRUCTION" missed="7" covered="0"/><counter type="LINE" missed="1" covered="0"/><counter type="COMPLEXITY" missed="1" covered="0"/><counter type="METHOD" missed="1" covered="0"/></method><method name="lambda$7" desc="(Ljava/util/Map;Ledu/dosw/sirha/sirha_backend/domain/model/statesubjectdec/SubjectDecorator;)V" line="225"><counter type="INSTRUCTION" missed="0" covered="33"/><counter type="LINE" missed="0" covered="11"/><counter type="COMPLEXITY" missed="0" covered="1"/><counter type="METHOD" missed="0" covered="1"/></method><method name="lambda$8" desc="(Ledu/dosw/sirha/sirha_backend/domain/model/enums/SemaforoColores;Ledu/dosw/sirha/sirha_backend/domain/model/statesubjectdec/SubjectDecorator;)Z" line="376"><counter type="INSTRUCTION" missed="0" covered="8"/><counter type="BRANCH" missed="0" covered="2"/><counter type="LINE" missed="0" covered="1"/><counter type="COMPLEXITY" missed="0" covered="2"/><counter type="METHOD" missed="0" covered="1"/></method><counter type="INSTRUCTION" missed="130" covered="621"/><counter type="BRANCH" missed="34" covered="52"/><counter type="LINE" missed="35" covered="144"/><counter type="COMPLEXITY" missed="35" covered="57"/><counter type="METHOD" missed="6" covered="43"/><counter type="CLASS" missed="0" covered="1"/></class><class name="edu/dosw/sirha/sirha_backend/domain/model/MustHaveApprovedSubject" sourcefilename="MustHaveApprovedSubject.java"><method name="&lt;init&gt;" desc="(Ledu/dosw/sirha/sirha_backend/domain/model/Subject;)V
[...]
pe="LINE" missed="0" covered="1"/><counter type="COMPLEXITY" missed="0" covered="1"/><counter type="METHOD" missed="0" covered="1"/></method><method name="toString" desc="()Ljava/lang/String;" line="309"><counter type="INSTRUCTION" missed="1" covered="38"/><counter type="BRANCH" missed="1" covered="1"/><counter type="LINE" missed="0" covered="3"/><counter type="COMPLEXITY" missed="1" covered="1"/><counter type="METHOD" missed="0" covered="1"/></method><method name="removeGroup" desc="()V" line="314"><counter type="INSTRUCTION" missed="0" covered="4"/><counter type="LINE" missed="0" covered="2"/><counter type="COMPLEXITY" missed="0" covered="1"/><counter type="METHOD" missed="0" covered="1"/></method><method name="addSchedule" desc="(Ledu/dosw/sirha/sirha_backend/domain/model/Schedule;)V" line="318"><counter type="INSTRUCTION" missed="11" covered="17"/><counter type="BRANCH" missed="3" covered="1"/><counter type="LINE" missed="2" covered="4"/><counter type="COMPLEXITY" missed="2" covered="1"/><counter type="METHOD" missed="0" covered="1"/></method><method name="canEditGroup" desc="()Z" line="328"><counter type="INSTRUCTION" missed="2" covered="12"/><counter type="BRANCH" missed="1" covered="3"/><counter type="LINE" missed="0" covered="3"/><counter type="COMPLEXITY" missed="1" covered="2"/><counter type="METHOD" missed="0" covered="1"/></method><method name="getSchedules" desc="()Ljava/util/List;" line="335"><counter type="INSTRUCTION" missed="0" covered="3"/><counter type="LINE" missed="0" covered="1"/><counter type="COMPLEXITY" missed="0" covered="1"/><counter type="METHOD" missed="0" covered="1"/></method><method name="conflictoConHorario" desc="(Ledu/dosw/sirha/sirha_backend/domain/model/Schedule;)Z" line="339"><counter type="INSTRUCTION" missed="0" covered="20"/><counter type="BRANCH" missed="0" covered="4"/><counter type="LINE" missed="0" covered="4"/><counter type="COMPLEXITY" missed="0" covered="3"/><counter type="METHOD" missed="0" covered="1"/></method><method name="conflictoConHorario" desc="(Ledu/dosw/sirha/sirha_backend/domain/model/stategroup/Group;)Z" line="349"><counter type="INSTRUCTION" missed="2" covered="25"/><counter type="BRANCH" missed="2" covered="6"/><counter type="LINE" missed="1" covered="5"/><counter type="COMPLEXITY" missed="2" covered="3"/><counter type="METHOD" missed="0" covered="1"/></method><method name="closeGroup" desc="()V" line="361"><counter type="INSTRUCTION" missed="0" covered="6"/><counter type="LINE" missed="0" covered="2"/><counter type="COMPLEXITY" missed="0" covered="1"/><counter type="METHOD" missed="0" covered="1"/></method><method name="openGroup" desc="()V" line="364"><counter type="INSTRUCTION" missed="6" covered="0"/><counter type="LINE" missed="2" covered="0"/><counter type="COMPLEXITY" missed="1" covered="0"/><counter type="METHOD" missed="1" covered="0"/></method><method name="sameAcademicPeriod" desc="(Ledu/dosw/sirha/sirha_backend/domain/model/AcademicPeriod;)Z" line="367"><counter type="INSTRUCTION" missed="0" covered="5"/><counter type="LINE" missed="0" covered="1"/><counter type="COMPLEXITY" missed="0" covered="1"/><counter type="METHOD" missed="0" covered="1"/></method><counter type="INSTRUCTION" missed="36" covered="460"/><counter type="BRANCH" missed="18" covered="48"/><counter type="LINE" missed="8" covered="102"/><counter type="COMPLEXITY" missed="18" covered="56"/><counter type="METHOD" missed="1" covered="40"/><counter type="CLASS" missed="0" covered="1"/></class><class name="edu/dosw/sirha/sirha_backend/domain/model/stategroup/StatusOpen" sourcefilename="StatusOpen.java"><method name="&lt;init&gt;" desc="()V" line="8"><counter type="INSTRUCTION" missed="0" covered="3"/><counter type="LINE" missed="0" covered="1"/><counter type="COMPLEXITY" missed="0" covered="1"/><counter type="METHOD" missed="0" covered="1"/></method><method name="addStudent" desc="(Ledu/dosw/sirha/sirha_backend/domain/model/stategroup/Group;Ledu/dosw/sirha/sirha_backend/domain/model/Student;)Z" line="12"><counter type="INSTRUCTION" missed="9" covered="16"/><counter type="BRANCH" missed="1" covered="3"/><counter type="LINE" missed="2" covered="5"/><counter type="COMPLEXITY" missed="1" covered="2"/><counter type="METHOD" missed="0" covered="1"/></method><method name="removeStudent" desc="(Ledu/dosw/sirha/sirha_backend/domain/model/stategroup/Group;Ledu/dosw/sirha/sirha_backend/domain/model/Student;)Z" line="27"><counter type="INSTRUCTION" missed="3" covered="16"/><counter type="BRANCH" missed="2" covered="2"/><counter type="LINE" missed="1" covered="5"/><counter type="COMPLEXITY" missed="2" covered="1"/><counter type="METHOD" missed="0" covered="1"/></method><counter type="INSTRUCTION" missed="12" covered="35"/><counter type="BRANCH" missed="3" covered="5"/><counter type="LINE" missed="3" covered="11"/><counter type="COMPLEXITY" missed="3" covered="4"/><counter type="METHOD" missed="0" covered="3"/><counter type="CLASS" missed="0" covered="1"/></class><class name="edu/dosw/sirha/sirha_backend/domain/model/stategroup/StatusClosed" sourcefilename="StatusClosed.java"><method name="&lt;init&gt;" desc="()V" line="7"><counter type="INSTRUCTION" missed="0" covered="3"/><counter type="LINE" missed="0" covered="1"/><counter type="COMPLEXITY" missed="0" covered="1"/><counter type="METHOD" missed="0" covered="1"/></method><method name="addStudent" desc="(Ledu/dosw/sirha/sirha_backend/domain/model/stategroup/Group;Ledu/dosw/sirha/sirha_backend/domain/model/Student;)Z" line="10"><counter type="INSTRUCTION" missed="0" covered="3"/><counter type="LINE" missed="0" covered="1"/><counter type="COMPLEXITY" missed="0" covered="1"/><counter type="METHOD" missed="0" covered="1"/></method><method name="removeStudent" desc="(Ledu/dosw/sirha/sirha_backend/domain/model/stategroup/Group;Ledu/dosw/sirha/sirha_backend/domain/model/Student;)Z" line="14"><counter type="INSTRUCTION" missed="3" covered="16"/><counter type="BRANCH" missed="2" covered="2"/><counter type="LINE" missed="1" covered="5"/><counter type="COMPLEXITY" missed="2" covered="1"/><counter type="METHOD" missed="0" covered="1"/></method><counter type="INSTRUCTION" missed="3" covered="22"/><counter type="BRANCH" missed="2" covered="2"/><counter type="LINE" missed="1" covered="7"/><counter type="COMPLEXITY" missed="2" covered="3"/><counter type="METHOD" missed="0" covered="3"/><counter type="CLASS" missed="0" covered="1"/></class><sourcefile name="StatusClosed.java"><line nr="7" mi="0" ci="3" mb="0" cb="0"/><line nr="10" mi="0" ci="3" mb="0" cb="0"/><line nr="14" mi="0" ci="3" mb="1" cb="1"/><line nr="15" mi="0" ci="3" mb="0" cb="0"/><line nr="16" mi="0" ci="3" mb="1" cb="1"/><line nr="17" mi="0" ci="5" mb="0" cb="0"/><line nr="19" mi="0" ci="2" mb="0" cb="0"/><line nr="21" mi="3" ci="0" mb="0" cb="0"/><counter type="INSTRUCTION" missed="3" covered="22"/><counter type="BRANCH" missed="2" covered="2"/><counter type="LINE" missed="1" covered="7"/><counter type="COMPLEXITY" missed="2" covered="3"/><counter type="METHOD" missed="0" covered="3"/><counter type="CLASS" missed="0" covered="1"/></sourcefile><sourcefile name="StatusOpen.java"><line nr="8" mi="0" ci="3" mb="0" cb="0"/><line nr="12" mi="0" ci="3" mb="1" cb="1"/><line nr="13" mi="0" ci="3" mb="0" cb="0"/><line nr="14" mi="0" ci="3" mb="0" cb="2"/><line nr="15" mi="0" ci="5" mb="0" cb="0"/><line nr="17" mi="0" ci="2" mb="0" cb="0"/><line nr="19" mi="5" ci="0" mb="0" cb="0"/><line nr="20" mi="4" ci="0" mb="0" cb="0"/><line nr="27" mi="0" ci="3" mb="1" cb="1"/><line nr="28" mi="0" ci="3" mb="0" cb="0"/><line nr="29" mi="0" ci="3" mb="1" cb="1"/><line nr="30" mi="0" ci="5" mb="0" cb="0"/><line nr="32" mi="0" ci="2" mb="0" cb="0"/><line nr="34" mi="3" ci="0" mb="0" cb="0"/><counter type="INSTRUCTION" missed="12" covered="35"/><counter type="BRANCH" missed="3" covered="5"/><counter type="LINE" missed="3" covered="11"/><counter type="COMPLEXITY" missed="3" covered="4"/><counter type="METHOD" missed="0" covered="3"/><counter type="CLASS" missed="0" covered="1"/></sourcefile><sourcefile name="Group.java"><line nr="61" mi="0" ci="2" mb="0" cb="0"/><line nr="62" mi="0" ci="2" mb="0" cb="2"/><line nr="63" mi="0" ci="4" mb="0" cb="0"/><line nr="65" mi="0" ci="3" mb="0" cb="0"/><line nr="66" mi="0" ci="3" mb="0" cb="0"/><line nr="67" mi="0" ci="2" mb="0" cb="0"/><line nr="68" mi="0" ci="3" mb="0" cb="0"/><line nr="69" mi="0" ci="3" mb="0" cb="0"/><line nr="70" mi="0" ci="5" mb="0" cb="0"/><line nr="71" mi="0" ci="5" mb="0" cb="0"/><line nr="72" mi="0" ci="5" mb="0" cb="0"/><line nr="73" mi="0" ci="2" mb="0" cb="0"/><line nr="74" mi="0" ci="1" mb="0" cb="0"/><line nr="76" mi="0" ci="2" mb="1" cb="1"/><line nr="77" mi="4" ci="0" mb="0" cb="0"/><line nr="79" mi="0" ci="3" mb="0" cb="0"/><line nr="80" mi="0" ci="1" mb="0" cb="0"/><line nr="82" mi="0" ci="4" mb="0" cb="0"/><line nr="83" mi="0" ci="1" mb="0" cb="0"/><line nr="90" mi="0" ci="3" mb="0" cb="0"/><line nr="109" mi="0" ci="2" mb="0" cb="2"/><line nr="110" mi="0" ci="4" mb="0" cb="0"/><line nr="113" mi="0" ci="6" mb="0" cb="0"/><line nr="114" mi="0" ci="1" mb="0" cb="0"/><line nr="116" mi="0" ci="15" mb="0" cb="0"/><line nr="117" mi="0" ci="1" mb="0" cb="0"/><line nr="126" mi="0" ci="8" mb="0" cb="0"/><line nr="143" mi="0" ci="2" mb="1" cb="1"/><line nr="144" mi="4" ci="0" mb="0" cb="0"/><line nr="147" mi="0" ci="5" mb="0" cb="2"/><line nr="148" mi="0" ci="3" mb="0" cb="0"/><line nr="151" mi="0" ci="5" mb="0" cb="0"/><line nr="152" mi="0" ci="6" mb="0" cb="0"/><line nr="153" mi="0" ci="1" mb="0" cb="0"/><line nr="163" mi="0" ci="12" mb="2" cb="4"/><line nr="164" mi="0" ci="3" mb="0" cb="0"/><line nr="167" mi="0" ci="5" mb="0" cb="0"/><line nr="168" mi="0" ci="6" mb="0" cb="0"/><line nr="170" mi="0" ci="1" mb="0" cb="0"/><line nr="172" mi="0" ci="6" mb="0" cb="0"/><line nr="175" mi="0" ci="6" mb="0" cb="0"/><line nr="178" mi="0" ci="3" mb="0" cb="0"/><line nr="186" mi="0" ci="9" mb="0" cb="2"/><line nr="190" mi="0" ci="4" mb="0" cb="0"/><line nr="199" mi="0" ci="11" mb="0" cb="4"/><line nr="205" mi="0" ci="3" mb="0" cb="0"/><line nr="209" mi="0" ci="3" mb="0" cb="0"/><line nr="210" mi="0" ci="1" mb="0" cb="0"/><line nr="212" mi="0" ci="3" mb="0" cb="0"/><line nr="215" mi="0" ci="3" mb="0" cb="0"/><line nr="216" mi="0" ci="1" mb="0" cb="0"/><line nr="223" mi="0" ci="3" mb="0" cb="0"/><line nr="234" mi="0" ci="2" mb="0" cb="2"/><line nr="235" mi="0" ci="4" mb="0" cb="0"/><line nr="237" mi="0" ci="3" mb="0" cb="0"/><line nr="238" mi="0" ci="4" mb="1" cb="1"/><line nr="239" mi="4" ci="0" mb="0" cb="0"/><line nr="241" mi="0" ci="3" mb="0" cb="0"/><line nr="242" mi="0" ci="1" mb="0" cb="0"/><line nr="249" mi="0" ci="3" mb="0" cb="0"/><line nr="253" mi="0" ci="3" mb="0" cb="0"/><line nr="257" mi="0" ci="3" mb="0" cb="0"/><line nr="258" mi="0" ci="1" mb="0" cb="0"/><line nr="261" mi="0" ci="3" mb="0" cb="0"/><line nr="265" mi="0" ci="3" mb="0" cb="0"/><line nr="266" mi="0" ci="1" mb="0" cb="0"/><line nr="269" mi="0" ci="3" mb="0" cb="0"/><line nr="273" mi="0" ci="3" mb="0" cb="0"/><line nr="274" mi="0" ci="1" mb="0" cb="0"/><line nr="281" mi="0" ci="4" mb="0" cb="0"/><line nr="290" mi="0" ci="5" mb="0" cb="2"/><line nr="291" mi="2" ci="7" mb="2" cb="2"/><line nr="293" mi="0" ci="3" mb="0" cb="0"/><line nr="294" mi="0" ci="10" mb="0" cb="2"/><line nr="295" mi="0" ci="6" mb="0" cb="2"/><line nr="296" mi="0" ci="6" mb="1" cb="1"/><line nr="297" mi="0" ci="6" mb="1" cb="1"/><line nr="298" mi="0" ci="6" mb="1" cb="1"/><line nr="299" mi="0" ci="6" mb="1" cb="1"/><line nr="304" mi="0" ci="34" mb="0" cb="0"/><line nr="309" mi="0" ci="7" mb="0" cb="0"/><line nr="310" mi="0" ci="22" mb="0" cb="0"/><line nr="311" mi="1" ci="9" mb="1" cb="1"/><line nr="314" mi="0" ci="3" mb="0" cb="0"/><line nr="315" mi="0" ci="1" mb="0" cb="0"/><line nr="318" mi="0" ci="3" mb="0" cb="0"/><line nr="319" mi="4" ci="8" mb="1" cb="1"/><line nr="320" mi="4" ci="0" mb="2" cb="0"/><line nr="321" mi="3" ci="0" mb="0" cb="0"/><line nr="324" mi="0" ci="5" mb="0" cb="0"/><line nr="325" mi="0" ci="1" mb="0" cb="0"/><line nr="328" mi="0" ci="3" mb="0" cb="2"/><line nr="329" mi="0" ci="4" mb="0" cb="0"/><line nr="331" mi="2" ci="5" mb="1" cb="1"/><line nr="335" mi="0" ci="3" mb="0" cb="0"/><line nr="339" mi="0" ci="12" mb="0" cb="2"/><line nr="340" mi="0" ci="4" mb="0" cb="2"/><line nr="341" mi="0" ci="2" mb="0" cb="0"/><line nr="344" mi="0" ci="2" mb="0" cb="0"/><line nr="349" mi="0" ci="5" mb="2" cb="2"/><line nr="350" mi="2" ci="0" mb="0" cb="0"/><line nr="352" mi="0" ci="12" mb="0" cb="2"/><line nr="353" mi="0" ci="4" mb="0" cb="2"/><line nr="354" mi="0" ci="2" mb="0" cb="0"/><line nr="357" mi="0" ci="2" mb="0" cb="0"/><line nr="361" mi="0" ci="5" mb="0" cb="0"/><line nr="362" mi="0" ci="1" mb="0" cb="0"/><line nr="364" mi="5" ci="0" mb="0" cb="0"/><line nr="365" mi="1" ci="0" mb="0" cb="0"/><line nr="367" mi="0" ci="5" mb="0" cb="0"/><counter type="INSTRUCTION" missed="36" covered="460"/><counter type="BRANCH" missed="18" covered="48"/><counter type="LINE" missed="8" covered="102"/><counter type="COMPLEXITY" missed="18" covered="56"/><counter type="METHOD" missed="1" covered="40"/><counter type="CLASS" missed="0" covered="1"/></sourcefile><counter type="INSTRUCTION" missed="51" covered="517"/><counter type="BRANCH" missed="23" covered="55"/><counter type="LINE" missed="12" covered="120"/><counter type="COMPLEXITY" missed="23" covered="63"/><counter type="METHOD" missed="1" covered="46"/><counter type="CLASS" missed="0" covered="3"/></package><package name="edu/dosw/sirha/sirha_backend/domain/model/enums"><class name="edu/dosw/sirha/sirha_backend/domain/model/enums/RequestStateEnum" sourcefilename="RequestStateEnum.java"><method name="&lt;clinit&gt;" desc="()V" line="3"><counter type="INSTRUCTION" missed="0" covered="27"/><counter type="LINE" missed="0" covered="5"/><counter type="COMPLEXITY" missed="0" covered="1"/><counter type="METHOD" missed="0" covered="1"/></method><counter type="INSTRUCTION" missed="0" covered="27"/><counter type="LINE" missed="0" covered="5"/><counter type="COMPLEXITY" missed="0" covered="1"/><counter type="METHOD" missed="0" covered="1"/><counter type="CLASS" missed="0" covered="1"/></class><class name="edu/dosw/sirha/sirha_backend/domain/model/enums/Careers" sourcefilename="Careers.java"><method name="&lt;init&gt;" desc="(Ljava/lang/String;ILjava/lang/String;)V" line="25"><counter type="INSTRUCTION" missed="0" covered="8"/><counter type="LINE" missed="0" covered="3"/><counter type="COMPLEXITY" missed="0" covered="1"/><counter type="METHOD" missed="0" covered="1"/></method><method name="getDisplayName" desc="()Ljava/lang/String;" line="30"><counter type="INSTRUCTION" missed="0" covered="3"/><counter type="LINE" missed="0" covered="1"/><counter type="COMPLEXITY" missed="0" covered="1"/><counter type="METHOD" missed="0" covered="1"/></method><method name="&lt;clinit&gt;" desc="()V" line="3"><counter type="INSTRUCTION" missed="0" covered="115"/><counter type="LINE" missed="0" covered="17"/><counter type="COMPLEXITY" missed="0" covered="1"/><counter type="METHOD" missed="0" covered="1"/></method><counter type="INSTRUCTION" missed="0" covered="126"/><counter type="LINE" missed="0" covered="21"/><counter type="COMPLEXITY" missed="0" covered="3"/><counter type="METHOD" missed="0" covered="3"/><counter type="CLASS" missed="0" covered="1"/></class><class name="edu/dosw/sirha/sirha_backend/domain/model/enums/SemaforoColores" sourcefilename="SemaforoColores.java"><method name="&lt;clinit&gt;" desc="()V" line="3"><counter type="INSTRUCTION" missed="0" covered="27"/><counter type="LINE" missed="0" covered="5"/><counter type="COMPLEXITY" missed="0" covered="1"/><counter type="METHOD" missed="0" covered="1"/></method><counter type="INSTRUCTION" missed="0" covered="27"/><counter type="LINE" missed="0" covered="5"/><counter type="COMPLEXITY" missed="0" covered="1"/><counter type="METHOD" missed="0" covered="1"/><counter type="CLASS" missed="0" covered="1"/></class><class name="edu/dosw/sirha/sirha_backend/domain/model/enums/DiasSemana" sourcefilename="DiasSemana.java"><method name="&lt;clinit&gt;" desc="()V" line="3"><counter type="INSTRUCTION" missed="0" covered="45"/><counter type="LINE" missed="0" covered="8"/><counter type="COMPLEXITY" missed="0" covered="1"/><counter type="METHOD" missed="0" covered="1"/></method><counter type="INSTRUCTION" missed="0" covered="45"/><counter type="LINE" missed="0" covered="8"/><counter type="COMPLEXITY" missed="0" covered="1"/><counter type="METHOD" missed="0" covered="1"/><counter type="CLASS" missed="0" covered="1"/></class><sourcefile name="RequestStateEnum.java"><line nr="3" mi="0" ci="3" mb="0" cb="0"/><line nr="4" mi="0" ci="6" mb="0" cb="0"/><line nr="5" mi="0" ci="6" mb="0" cb="0"/><line nr="6" mi="0" ci="6" mb="0" cb="0"/><line nr="7" mi="0" ci="6" mb="0" cb="0"/><counter type="INSTRUCTION" missed="0" covered="27"/><counter type="LINE" missed="0" covered="5"/><counter type="COMPLEXITY" missed="0" covered="1"/><counter type="METHOD" missed="0" covered="1"/><counter type="CLASS" missed="0" covered="1"/></sourcefile><sourcefile name="DiasSemana.java"><line nr="3" mi="0" ci="3" mb="0" cb="0"/><line nr="4" mi="0" ci="6" mb="0" cb="0"/><line nr="5" mi="0" ci="6" mb="0" cb="0"/><line nr="6" mi="0" ci="6" mb="0" cb="0"/><line nr="7" mi="0" ci="6" mb="0" cb="0"/><line nr="8" mi="0" ci="6" mb="0" cb="0"/><line nr="9" mi="0" ci="6" mb="0" cb="0"/><line nr="10" mi="0" ci="6" mb="0" cb="0"/><counter type="INSTRUCTION" missed="0" covered="45"/><counter type="LINE" missed="0" covered="8"/><counter type="COMPLEXITY" missed="0" covered="1"/><counter type="METHOD" missed="0" covered="1"/><counter type="CLASS" missed="0" covered="1"/></sourcefile><sourcefile name="SemaforoColores.java"><line nr="3" mi="0" ci="3" mb="0" cb="0"/><line nr="4" mi="0" ci="6" mb="0" cb="0"/><line nr="5" mi="0" ci="6" mb="0" cb="0"/><line nr="6" mi="0" ci="6" mb="0" cb="0"/><line nr="7" mi="0" ci="6" mb="0" cb="0"/><counter type="INSTRUCTION" missed="0" covered="27"/><counter type="LINE" missed="0" covered="5"/><counter type="COMPLEXITY" missed="0" covered="1"/><counter type="METHOD" missed="0" covered="1"/><counter type="CLASS" missed="0" covered="1"/></sourcefile><sourcefile name="Careers.java"><line nr="3" mi="0" ci="3" mb="0" cb="0"/><line nr="4" mi="0" ci="7" mb="0" cb="0"/><line nr="5" mi="0" ci="7" mb="0" cb="0"/><line nr="6" mi="0" ci="7" mb="0" cb="0"/><line nr="7" mi="0" ci="7" mb="0" cb="0"/><line nr="8" mi="0" ci="7" mb="0" cb="0"/><line nr="9" mi="0" ci="7" mb="0" cb="0"/><line nr="10" mi="0" ci="7" mb="0" cb="0"/><line nr="11" mi="0" ci="7" mb="0" cb="0"/><line nr="12" mi="0" ci="7" mb="0" cb="0"/><line nr="13" mi="0" ci="7" mb="0" cb="0"/><line nr="15" mi="0" ci="7" mb="0" cb="0"/><line nr="16" mi="0" ci="7" mb="0" cb="0"/><line nr="17" mi="0" ci="7" mb="0" cb="0"/><line nr="19" mi="0" ci="7" mb="0" cb="0"/><line nr="20" mi="0" ci="7" mb="0" cb="0"/><line nr="21" mi="0" ci="7" mb="0" cb="0"/><line nr="25" mi="0" ci="4" mb="0" cb="0"/><line nr="26" mi="0" ci="3" mb="0" cb="0"/><line nr="27" mi="0" ci="1" mb="0" cb="0"/><line nr="30" mi="0" ci="3" mb="0" cb="0"/><counter type="INSTRUCTION" missed="0" covered="126"/><counter type="LINE" missed="0" covered="21"/><counter type="COMPLEXITY" missed="0" covered="3"/><counter type="METHOD" missed="0" covered="3"/><counter type="CLASS" missed="0" covered="1"/></sourcefile><counter type="INSTRUCTION" missed="0" covered="225"/><counter type="LINE" missed="0" covered="39"/><counter type="COMPLEXITY" missed="0" covered="6"/><counter type="METHOD" missed="0" covered="6"/><counter type="CLASS" missed="0" covered="4"/></package><counter type="INSTRUCTION" missed="647" covered="3919"/><counter type="BRANCH" missed="182" covered="324"/><counter type="LINE" missed="152" covered="948"/><counter type="COMPLEXITY" missed="187" covered="497"/><counter type="METHOD" missed="37" covered="394"/><counter type="CLASS" missed="0" covered="31"/></report>