<?xml version="1.0" encoding="UTF-8"?>
<testsuite xmlns:xsi="http://www.w3.org/2001/XMLSchema-instance" xsi:noNamespaceSchemaLocation="https://maven.apache.org/surefire/maven-surefire-plugin/xsd/surefire-test-report-3.0.xsd" version="3.0" name="edu.dosw.sirha.SIRHA_BackEnd.SirhaBackEndApplicationTests" time="20.233" tests="94" errors="0" skipped="0" failures="0">
  <properties>
[...]
</properties>
  <testcase name="testStudyPlanBasics" classname="edu.dosw.sirha.SIRHA_BackEnd.SirhaBackEndApplicationTests" time="0.196">
    <system-out><![CDATA[16:07:51.350 [main] INFO  o.s.t.c.s.AnnotationConfigContextLoaderUtils - Could not detect default configuration classes for test class [edu.dosw.sirha.SIRHA_BackEnd.SirhaBackEndApplicationTests]: SirhaBackEndApplicationTests does not declare any static, non-private, non-final, nested classes annotated with @Configuration.
16:07:51.350 [main] INFO  o.s.b.t.c.SpringBootTestContextBootstrapper - Found @SpringBootConfiguration edu.dosw.sirha.sirha_backend.SirhaBackEndApplication for test class edu.dosw.sirha.SIRHA_BackEnd.SirhaBackEndApplicationTests
]]></system-out>
  </testcase>
  <testcase name="testToStudentDTO" classname="edu.dosw.sirha.SIRHA_BackEnd.SirhaBackEndApplicationTests" time="0.196"/>
  <testcase name="testStateColorTransitions" classname="edu.dosw.sirha.SIRHA_BackEnd.SirhaBackEndApplicationTests" time="0.201"/>
  <testcase name="testCreateSolicitudCambioGroup2" classname="edu.dosw.sirha.SIRHA_BackEnd.SirhaBackEndApplicationTests" time="0.19"/>
  <testcase name="testNoCursadaStateSetGroupNull" classname="edu.dosw.sirha.SIRHA_BackEnd.SirhaBackEndApplicationTests" time="0.192"/>
  <testcase name="testFailureAndRetryLifecycle" classname="edu.dosw.sirha.SIRHA_BackEnd.SirhaBackEndApplicationTests" time="0.198"/>
  <testcase name="testEnCursoStateTransitions" classname="edu.dosw.sirha.SIRHA_BackEnd.SirhaBackEndApplicationTests" time="0.198"/>
  <testcase name="testToStudentDTOWithNull" classname="edu.dosw.sirha.SIRHA_BackEnd.SirhaBackEndApplicationTests" time="0.191"/>
  <testcase name="testSubjectDecoratorBasics" classname="edu.dosw.sirha.SIRHA_BackEnd.SirhaBackEndApplicationTests" time="0.191"/>
  <testcase name="testAprobadaStateCanMethods" classname="edu.dosw.sirha.SIRHA_BackEnd.SirhaBackEndApplicationTests" time="0.195"/>
  <testcase name="testHashPasswordWithSpecialCharacters" classname="edu.dosw.sirha.SIRHA_BackEnd.SirhaBackEndApplicationTests" time="0.288"/>
  <testcase name="testStudentConstructorWithUsernamePassword" classname="edu.dosw.sirha.SIRHA_BackEnd.SirhaBackEndApplicationTests" time="0.195"/>
  <testcase name="testAcademicPeriodDateValidations" classname="edu.dosw.sirha.SIRHA_BackEnd.SirhaBackEndApplicationTests" time="0.194"/>
  <testcase name="testAprobadaStateImmutable" classname="edu.dosw.sirha.SIRHA_BackEnd.SirhaBackEndApplicationTests" time="0.193"/>
  <testcase name="testCreateStudentWithSemaforo" classname="edu.dosw.sirha.SIRHA_BackEnd.SirhaBackEndApplicationTests" time="0.193"/>
  <testcase name="testStateTransitionConsistency" classname="edu.dosw.sirha.SIRHA_BackEnd.SirhaBackEndApplicationTests" time="0.193"/>
  <testcase name="testSubjectBasicFunctionalities" classname="edu.dosw.sirha.SIRHA_BackEnd.SirhaBackEndApplicationTests" time="0.191"/>
  <testcase name="testAcademicPeriodMethods" classname="edu.dosw.sirha.SIRHA_BackEnd.SirhaBackEndApplicationTests" time="0.192"/>
  <testcase name="testProfessorBasicFunctionalities" classname="edu.dosw.sirha.SIRHA_BackEnd.SirhaBackEndApplicationTests" time="0.249"/>
  <testcase name="testSubjectDecoratorStateValidations" classname="edu.dosw.sirha.SIRHA_BackEnd.SirhaBackEndApplicationTests" time="0.19"/>
  <testcase name="testAcademicPeriod" classname="edu.dosw.sirha.SIRHA_BackEnd.SirhaBackEndApplicationTests" time="0.191"/>
  <testcase name="testEnCursoStateSetGroupThrowsException" classname="edu.dosw.sirha.SIRHA_BackEnd.SirhaBackEndApplicationTests" time="0.191"/>
  <testcase name="testReprobadaStateSpecificProperties" classname="edu.dosw.sirha.SIRHA_BackEnd.SirhaBackEndApplicationTests" time="0.189"/>
  <testcase name="testMapperUtilsEdgeCases" classname="edu.dosw.sirha.SIRHA_BackEnd.SirhaBackEndApplicationTests" time="0.289"/>
  <testcase name="testStudyPlanSubjectManagement" classname="edu.dosw.sirha.SIRHA_BackEnd.SirhaBackEndApplicationTests" time="0.191"/>
  <testcase name="testVerifyPasswordCorrect" classname="edu.dosw.sirha.SIRHA_BackEnd.SirhaBackEndApplicationTests" time="0.285"/>
  <testcase name="testNoCursadaStateCanMethods" classname="edu.dosw.sirha.SIRHA_BackEnd.SirhaBackEndApplicationTests" time="0.189"/>
  <testcase name="testStateInvalidTransitionValidations" classname="edu.dosw.sirha.SIRHA_BackEnd.SirhaBackEndApplicationTests" time="0.209"/>
  <testcase name="testEnCursoStateRetirar2" classname="edu.dosw.sirha.SIRHA_BackEnd.SirhaBackEndApplicationTests" time="0.191"/>
  <testcase name="testStudentDefaultConstructor" classname="edu.dosw.sirha.SIRHA_BackEnd.SirhaBackEndApplicationTests" time="0.24"/>
  <testcase name="testScheduleValidations" classname="edu.dosw.sirha.SIRHA_BackEnd.SirhaBackEndApplicationTests" time="0.196"/>
  <testcase name="testStateCanMethodsConsistency" classname="edu.dosw.sirha.SIRHA_BackEnd.SirhaBackEndApplicationTests" time="0.193"/>
  <testcase name="testReprobadaSetSemestre" classname="edu.dosw.sirha.SIRHA_BackEnd.SirhaBackEndApplicationTests" time="0.195"/>
  <testcase name="testStateColorConsistencyAfterFailure" classname="edu.dosw.sirha.SIRHA_BackEnd.SirhaBackEndApplicationTests" time="0.213"/>
  <testcase name="testFromStudentDTO" classname="edu.dosw.sirha.SIRHA_BackEnd.SirhaBackEndApplicationTests" time="0.242"/>
  <testcase name="testReprobadaStateAllTransitions" classname="edu.dosw.sirha.SIRHA_BackEnd.SirhaBackEndApplicationTests" time="0.195"/>
  <testcase name="testMultipleSubjectsIndependentStates" classname="edu.dosw.sirha.SIRHA_BackEnd.SirhaBackEndApplicationTests" time="0.19"/>
  <testcase name="testInvalidTransitionsPreserveState" classname="edu.dosw.sirha.SIRHA_BackEnd.SirhaBackEndApplicationTests" time="0.192"/>
  <testcase name="testGroupBasics" classname="edu.dosw.sirha.SIRHA_BackEnd.SirhaBackEndApplicationTests" time="0.193"/>
  <testcase name="testSubjectContainsDifferentGroupsWithSameProperties" classname="edu.dosw.sirha.SIRHA_BackEnd.SirhaBackEndApplicationTests" time="0.192"/>
  <testcase name="testEnCursoStateSpecificProperties" classname="edu.dosw.sirha.SIRHA_BackEnd.SirhaBackEndApplicationTests" time="0.198"/>
  <testcase name="testhasAssignedGroupConsistency" classname="edu.dosw.sirha.SIRHA_BackEnd.SirhaBackEndApplicationTests" time="0.197"/>
  <testcase name="testHashPasswordNull" classname="edu.dosw.sirha.SIRHA_BackEnd.SirhaBackEndApplicationTests" time="0.212"/>
  <testcase name="testStateTransitionExceptionMessages" classname="edu.dosw.sirha.SIRHA_BackEnd.SirhaBackEndApplicationTests" time="0.195"/>
  <testcase name="testReprobadaStateCanMethods" classname="edu.dosw.sirha.SIRHA_BackEnd.SirhaBackEndApplicationTests" time="0.193"/>
  <testcase name="testGroupStates" classname="edu.dosw.sirha.SIRHA_BackEnd.SirhaBackEndApplicationTests" time="0.194"/>
  <testcase name="testFromStudentDTOWithNull" classname="edu.dosw.sirha.SIRHA_BackEnd.SirhaBackEndApplicationTests" time="0.205"/>
  <testcase name="testGroupMultipleStudentEnrollment" classname="edu.dosw.sirha.SIRHA_BackEnd.SirhaBackEndApplicationTests" time="0.338"/>
  <testcase name="testHashPassword" classname="edu.dosw.sirha.SIRHA_BackEnd.SirhaBackEndApplicationTests" time="0.253"/>
  <testcase name="testEnCursoStateAllTransitions" classname="edu.dosw.sirha.SIRHA_BackEnd.SirhaBackEndApplicationTests" time="0.194"/>
  <testcase name="testPasswordUtilsWithMapperUtils" classname="edu.dosw.sirha.SIRHA_BackEnd.SirhaBackEndApplicationTests" time="0.286"/>
  <testcase name="testHashPasswordEmpty" classname="edu.dosw.sirha.SIRHA_BackEnd.SirhaBackEndApplicationTests" time="0.193"/>
  <testcase name="testAprobadaStateAllTransitions" classname="edu.dosw.sirha.SIRHA_BackEnd.SirhaBackEndApplicationTests" time="0.194"/>
  <testcase name="testEnCursoStateCanMethods" classname="edu.dosw.sirha.SIRHA_BackEnd.SirhaBackEndApplicationTests" time="0.193"/>
  <testcase name="testEnCursoStateMultipleExitPaths" classname="edu.dosw.sirha.SIRHA_BackEnd.SirhaBackEndApplicationTests" time="0.191"/>
  <testcase name="testSubjectContainsDifferentGroupsWithSameProperties2" classname="edu.dosw.sirha.SIRHA_BackEnd.SirhaBackEndApplicationTests" time="0.195"/>
  <testcase name="testStateTransitionHistory" classname="edu.dosw.sirha.SIRHA_BackEnd.SirhaBackEndApplicationTests" time="0.207"/>
  <testcase name="testGroupNoScheduleConflict" classname="edu.dosw.sirha.SIRHA_BackEnd.SirhaBackEndApplicationTests" time="0.199"/>
  <testcase name="testEnCursoStateSetSemestreThrowsException" classname="edu.dosw.sirha.SIRHA_BackEnd.SirhaBackEndApplicationTests" time="0.191"/>
  <testcase name="testStudentToString" classname="edu.dosw.sirha.SIRHA_BackEnd.SirhaBackEndApplicationTests" time="0.191"/>
  <testcase name="testCreateSolicitudCambioGroup" classname="edu.dosw.sirha.SIRHA_BackEnd.SirhaBackEndApplicationTests" time="0.192"/>
  <testcase name="testNoCursadaStateTransitions" classname="edu.dosw.sirha.SIRHA_BackEnd.SirhaBackEndApplicationTests" time="0.19"/>
  <testcase name="testStudentSubjectEnrollment" classname="edu.dosw.sirha.SIRHA_BackEnd.SirhaBackEndApplicationTests" time="0.246"/>
  <testcase name="testCompleteStudentIntegrationFlow" classname="edu.dosw.sirha.SIRHA_BackEnd.SirhaBackEndApplicationTests" time="0.247"/>
  <testcase name="testStudentSetId" classname="edu.dosw.sirha.SIRHA_BackEnd.SirhaBackEndApplicationTests" time="0.194"/>
  <testcase name="testGroupScheduleConflictDetection" classname="edu.dosw.sirha.SIRHA_BackEnd.SirhaBackEndApplicationTests" time="0.201"/>
  <testcase name="testSemaforoBasics" classname="edu.dosw.sirha.SIRHA_BackEnd.SirhaBackEndApplicationTests" time="0.201"/>
  <testcase name="contextLoads" classname="edu.dosw.sirha.SIRHA_BackEnd.SirhaBackEndApplicationTests" time="0.205"/>
  <testcase name="testSubjectDecoratorAdvancedConfiguration" classname="edu.dosw.sirha.SIRHA_BackEnd.SirhaBackEndApplicationTests" time="0.196"/>
  <testcase name="testCompleteSubjectLifecycle" classname="edu.dosw.sirha.SIRHA_BackEnd.SirhaBackEndApplicationTests" time="0.195"/>
  <testcase name="testStudentAcademicValidations" classname="edu.dosw.sirha.SIRHA_BackEnd.SirhaBackEndApplicationTests" time="0.243"/>
  <testcase name="testSubjectDecorator" classname="edu.dosw.sirha.SIRHA_BackEnd.SirhaBackEndApplicationTests" time="0.192"/>
  <testcase name="testNoCursadaStateSetGroupValid" classname="edu.dosw.sirha.SIRHA_BackEnd.SirhaBackEndApplicationTests" time="0.207"/>
  <testcase name="testReprobadaStateSpecificBehavior" classname="edu.dosw.sirha.SIRHA_BackEnd.SirhaBackEndApplicationTests" time="0.202"/>
  <testcase name="testStateInstanceUniqueness" classname="edu.dosw.sirha.SIRHA_BackEnd.SirhaBackEndApplicationTests" time="0.201"/>
  <testcase name="testStateMethodDelegation" classname="edu.dosw.sirha.SIRHA_BackEnd.SirhaBackEndApplicationTests" time="0.223"/>
  <testcase name="testStudentPasswordHashing" classname="edu.dosw.sirha.SIRHA_BackEnd.SirhaBackEndApplicationTests" time="0.357"/>
  <testcase name="testVerifyPasswordIncorrect" classname="edu.dosw.sirha.SIRHA_BackEnd.SirhaBackEndApplicationTests" time="0.308"/>
  <testcase name="testGroupAutoCloseWhenFull" classname="edu.dosw.sirha.SIRHA_BackEnd.SirhaBackEndApplicationTests" time="0.35"/>
  <testcase name="testStateColorConsistency" classname="edu.dosw.sirha.SIRHA_BackEnd.SirhaBackEndApplicationTests" time="0.195"/>
  <testcase name="testStudentGets" classname="edu.dosw.sirha.SIRHA_BackEnd.SirhaBackEndApplicationTests" time="0.249"/>
  <testcase name="testStudentSetCodigo" classname="edu.dosw.sirha.SIRHA_BackEnd.SirhaBackEndApplicationTests" time="0.195"/>
  <testcase name="testStudentDTOSecurity" classname="edu.dosw.sirha.SIRHA_BackEnd.SirhaBackEndApplicationTests" time="0.206"/>
  <testcase name="testToStudentDTOWithSpecialCharacters" classname="edu.dosw.sirha.SIRHA_BackEnd.SirhaBackEndApplicationTests" time="0.199"/>
  <testcase name="testAllStatesgetStatusName" classname="edu.dosw.sirha.SIRHA_BackEnd.SirhaBackEndApplicationTests" time="0.209"/>
  <testcase name="testAprobadaStateSpecificProperties" classname="edu.dosw.sirha.SIRHA_BackEnd.SirhaBackEndApplicationTests" time="0.197"/>
  <testcase name="testEnCursoStateToReprobada2" classname="edu.dosw.sirha.SIRHA_BackEnd.SirhaBackEndApplicationTests" time="0.205"/>
  <testcase name="testNoCursadaStateAllTransitions" classname="edu.dosw.sirha.SIRHA_BackEnd.SirhaBackEndApplicationTests" time="0.207"/>
  <testcase name="testAprobadaSetSemestre" classname="edu.dosw.sirha.SIRHA_BackEnd.SirhaBackEndApplicationTests" time="0.211"/>
  <testcase name="testNoCursadaStateSpecificProperties" classname="edu.dosw.sirha.SIRHA_BackEnd.SirhaBackEndApplicationTests" time="0.2"/>
  <testcase name="testCompleteStudentFlow" classname="edu.dosw.sirha.SIRHA_BackEnd.SirhaBackEndApplicationTests" time="0.274"/>
  <testcase name="testSubjectStates" classname="edu.dosw.sirha.SIRHA_BackEnd.SirhaBackEndApplicationTests" time="0.243"/>
  <testcase name="testGroupSpecialStateHandling" classname="edu.dosw.sirha.SIRHA_BackEnd.SirhaBackEndApplicationTests" time="0.351"/>
  <testcase name="testProfessorBasics" classname="edu.dosw.sirha.SIRHA_BackEnd.SirhaBackEndApplicationTests" time="0.273"/>
</testsuite>